2023-07-08 20:32:19,566 [INFO] Activator:177 - 


2023-07-08 20:32:19,567 [INFO] Activator:178 - !SESSION log4j initialized
2023-07-08 20:32:43,825 [ERROR] LogOutputStream:74 - [STDERR_REDIRECT] SLF4J: Failed to load class "org.slf4j.impl.StaticLoggerBinder".
2023-07-08 20:32:43,826 [ERROR] LogOutputStream:74 - [STDERR_REDIRECT] SLF4J: Defaulting to no-operation (NOP) logger implementation
2023-07-08 20:32:43,829 [ERROR] LogOutputStream:74 - [STDERR_REDIRECT] SLF4J: See http://www.slf4j.org/codes.html#StaticLoggerBinder for further details.
2023-07-08 20:41:21,436 [ERROR] LogOutputStream:74 - [STDERR_REDIRECT] Managed Build system manifest file error: Option com.st.stm32cube.ide.mcu.debug.option.cpuclock.796095995 uses a null category that is invalid in its context. The option was ignored.
2023-07-08 20:41:21,559 [ERROR] LogOutputStream:74 - [STDERR_REDIRECT] Managed Build system manifest file error: Option com.st.stm32cube.ide.mcu.debug.option.cpuclock.1367911636 uses a null category that is invalid in its context. The option was ignored.
2023-07-08 20:43:54,916 [ERROR] LogOutputStream:74 - [STDERR_REDIRECT] Managed Build system manifest file error: Option com.st.stm32cube.ide.mcu.debug.option.cpuclock.796095995 uses a null category that is invalid in its context. The option was ignored.
2023-07-08 20:43:54,947 [ERROR] LogOutputStream:74 - [STDERR_REDIRECT] Managed Build system manifest file error: Option com.st.stm32cube.ide.mcu.debug.option.cpuclock.1367911636 uses a null category that is invalid in its context. The option was ignored.
2023-07-09 18:22:19,417 [INFO] Activator:177 - 


2023-07-09 18:22:19,418 [INFO] Activator:178 - !SESSION log4j initialized
2023-07-09 18:22:20,713 [ERROR] LogOutputStream:74 - [STDERR_REDIRECT] Managed Build system manifest file error: Option com.st.stm32cube.ide.mcu.debug.option.cpuclock.796095995 uses a null category that is invalid in its context. The option was ignored.
2023-07-09 18:22:20,894 [ERROR] LogOutputStream:74 - [STDERR_REDIRECT] Managed Build system manifest file error: Option com.st.stm32cube.ide.mcu.debug.option.cpuclock.1367911636 uses a null category that is invalid in its context. The option was ignored.
2023-07-09 18:22:50,519 [ERROR] LogOutputStream:74 - [STDERR_REDIRECT] SLF4J: Failed to load class "org.slf4j.impl.StaticLoggerBinder".
2023-07-09 18:22:50,523 [ERROR] LogOutputStream:74 - [STDERR_REDIRECT] SLF4J: Defaulting to no-operation (NOP) logger implementation
2023-07-09 18:22:50,525 [ERROR] LogOutputStream:74 - [STDERR_REDIRECT] SLF4J: See http://www.slf4j.org/codes.html#StaticLoggerBinder for further details.
2023-07-09 18:23:01,804 [INFO] Activator:177 - 


2023-07-09 18:23:01,805 [INFO] Activator:178 - !SESSION log4j initialized
2023-07-09 18:23:28,430 [ERROR] LogOutputStream:74 - [STDERR_REDIRECT] SLF4J: Failed to load class "org.slf4j.impl.StaticLoggerBinder".
2023-07-09 18:23:28,432 [ERROR] LogOutputStream:74 - [STDERR_REDIRECT] SLF4J: Defaulting to no-operation (NOP) logger implementation
2023-07-09 18:23:28,435 [ERROR] LogOutputStream:74 - [STDERR_REDIRECT] SLF4J: See http://www.slf4j.org/codes.html#StaticLoggerBinder for further details.
2023-07-09 18:48:50,421 [ERROR] LogOutputStream:74 - [STDERR_REDIRECT] Warning: NLS missing message: ExternalToolsPreferencePage_External_tool_project_builders_migration_2 in: org.eclipse.ui.externaltools.internal.ui.ExternalToolsUIMessages
2023-07-09 18:48:50,426 [ERROR] LogOutputStream:74 - [STDERR_REDIRECT] Warning: NLS missing message: ExternalToolsPreferencePage_Prompt_before_migrating_3 in: org.eclipse.ui.externaltools.internal.ui.ExternalToolsUIMessages
2023-07-09 18:48:50,431 [ERROR] LogOutputStream:74 - [STDERR_REDIRECT] Warning: NLS missing message: ExternalToolsPreferencePage_1 in: org.eclipse.ui.externaltools.internal.ui.ExternalToolsUIMessages
2023-07-09 21:10:33,432 [INFO] McuFinderGlobals:44 - Set McuFinder mode to 2 (CubeIDE integrated)
2023-07-09 21:10:35,387 [INFO] ApplicationProperties:181 - Using Application install path: C:\Program Files\STMicroelectronics\STM32Cube\STM32CubeIDE_1.10.1\STM32CubeIDE\plugins\com.st.stm32cube.common.mx_6.6.1.202207061420
2023-07-09 21:10:35,561 [INFO] DbMcusXml:77 - Set database path to: C:\Program Files\STMicroelectronics\STM32Cube\STM32CubeIDE_1.10.1\STM32CubeIDE\plugins\com.st.stm32cube.common.mx_6.6.1.202207061420\\db\/mcu/
2023-07-09 21:10:35,561 [INFO] ApiDb:269 - Set plugin database path to: C:\Program Files\STMicroelectronics\STM32Cube\STM32CubeIDE_1.10.1\STM32CubeIDE\plugins\com.st.stm32cube.common.mx_6.6.1.202207061420\\db\/plugins/boardmanager/
2023-07-09 21:10:35,563 [WARN] ApiDb:254 - Overriding images path with different value:  => C:\Program Files\STMicroelectronics\STM32Cube\STM32CubeIDE_1.10.1\STM32CubeIDE\plugins\com.st.stm32cube.common.mx_6.6.1.202207061420\\db\/plugins/mcufinder/images/
2023-07-09 21:10:35,579 [INFO] ApiDb:249 - Set database path to: C:\Users\71492\.stmcufinder\plugins\mcufinder//mcu/
2023-07-09 21:10:35,581 [INFO] DbMcusAds:124 - Set database path to: C:\Users\71492\.stmcufinder\plugins\mcufinder//mcu/
2023-07-09 21:10:35,651 [INFO] CrossReferenceDbSqlite:201 - Set database path to: C:\Users\71492\.stmcufinder\plugins\mcufinder//mcu/cs/
2023-07-09 21:10:35,758 [INFO] RulesReader:61 - Compatibility file has been processed (282 Rules)
2023-07-09 21:10:35,851 [INFO] DbMcusXml:77 - Set database path to: C:\Program Files\STMicroelectronics\STM32Cube\STM32CubeIDE_1.10.1\STM32CubeIDE\plugins\com.st.stm32cube.common.mx_6.6.1.202207061420\\db\/mcu/
2023-07-09 21:10:35,852 [INFO] ApiDb:269 - Set plugin database path to: C:\Program Files\STMicroelectronics\STM32Cube\STM32CubeIDE_1.10.1\STM32CubeIDE\plugins\com.st.stm32cube.common.mx_6.6.1.202207061420\\db\/plugins/boardmanager/
2023-07-09 21:10:35,852 [INFO] ApiDb:256 - Set plugin images path to: C:\Program Files\STMicroelectronics\STM32Cube\STM32CubeIDE_1.10.1\STM32CubeIDE\plugins\com.st.stm32cube.common.mx_6.6.1.202207061420\\db\/plugins/mcufinder/images/
2023-07-09 21:10:35,852 [WARN] DbFile:40 - Overriding database path with different value: C:\Users\71492\.stmcufinder\plugins\mcufinder/ => C:\Users\71492\.stmcufinder\plugins\mcufinder
2023-07-09 21:10:35,852 [INFO] ApiDb:249 - Set database path to: C:\Users\71492\.stmcufinder\plugins\mcufinder//mcu/
2023-07-09 21:10:35,852 [WARN] DbFile:40 - Overriding database path with different value: C:\Users\71492\.stmcufinder\plugins\mcufinder/ => C:\Users\71492\.stmcufinder\plugins\mcufinder
2023-07-09 21:10:35,853 [INFO] DbMcusAds:124 - Set database path to: C:\Users\71492\.stmcufinder\plugins\mcufinder//mcu/
2023-07-09 21:10:35,854 [WARN] DbFile:40 - Overriding database path with different value: C:\Users\71492\.stmcufinder\plugins\mcufinder/ => C:\Users\71492\.stmcufinder\plugins\mcufinder
2023-07-09 21:10:35,854 [WARN] DbFile:40 - Overriding database path with different value: C:\Users\71492\.stmcufinder\plugins\mcufinder/ => C:\Users\71492\.stmcufinder\plugins\mcufinder
2023-07-09 21:10:35,854 [INFO] CrossReferenceDbSqlite:201 - Set database path to: C:\Users\71492\.stmcufinder\plugins\mcufinder//mcu/cs/
2023-07-09 21:10:35,929 [INFO] MainPanel:242 - HeapMemory: 586153984
2023-07-09 21:10:36,025 [INFO] DbMcusXml:77 - Set database path to: C:\Program Files\STMicroelectronics\STM32Cube\STM32CubeIDE_1.10.1\STM32CubeIDE\plugins\com.st.stm32cube.common.mx_6.6.1.202207061420\\db\/mcu/
2023-07-09 21:10:36,026 [INFO] ApiDb:269 - Set plugin database path to: C:\Program Files\STMicroelectronics\STM32Cube\STM32CubeIDE_1.10.1\STM32CubeIDE\plugins\com.st.stm32cube.common.mx_6.6.1.202207061420\\db\/plugins/boardmanager/
2023-07-09 21:10:36,026 [INFO] ApiDb:256 - Set plugin images path to: C:\Program Files\STMicroelectronics\STM32Cube\STM32CubeIDE_1.10.1\STM32CubeIDE\plugins\com.st.stm32cube.common.mx_6.6.1.202207061420\\db\/plugins/mcufinder/images/
2023-07-09 21:10:36,026 [WARN] DbFile:40 - Overriding database path with different value: C:\Users\71492\.stmcufinder\plugins\mcufinder/ => C:\Users\71492\.stmcufinder\plugins\mcufinder
2023-07-09 21:10:36,026 [INFO] ApiDb:249 - Set database path to: C:\Users\71492\.stmcufinder\plugins\mcufinder//mcu/
2023-07-09 21:10:36,026 [WARN] DbFile:40 - Overriding database path with different value: C:\Users\71492\.stmcufinder\plugins\mcufinder/ => C:\Users\71492\.stmcufinder\plugins\mcufinder
2023-07-09 21:10:36,027 [INFO] DbMcusAds:124 - Set database path to: C:\Users\71492\.stmcufinder\plugins\mcufinder//mcu/
2023-07-09 21:10:36,027 [WARN] DbFile:40 - Overriding database path with different value: C:\Users\71492\.stmcufinder\plugins\mcufinder/ => C:\Users\71492\.stmcufinder\plugins\mcufinder
2023-07-09 21:10:36,027 [WARN] DbFile:40 - Overriding database path with different value: C:\Users\71492\.stmcufinder\plugins\mcufinder/ => C:\Users\71492\.stmcufinder\plugins\mcufinder
2023-07-09 21:10:36,027 [INFO] CrossReferenceDbSqlite:201 - Set database path to: C:\Users\71492\.stmcufinder\plugins\mcufinder//mcu/cs/
2023-07-09 21:10:36,052 [INFO] ApplicationProperties:181 - Using Application install path: C:\Program Files\STMicroelectronics\STM32Cube\STM32CubeIDE_1.10.1\STM32CubeIDE\plugins\com.st.stm32cube.common.mx_6.6.1.202207061420
2023-07-09 21:10:36,054 [INFO] PluginManage:193 - Search for loadable plugins [exclusion list=, ]
2023-07-09 21:10:36,057 [INFO] PluginManage:307 - Check plugin analytics
2023-07-09 21:10:36,238 [INFO] AnalyticsPlugin:262 - Accepted Software Licenses: STM32CubeMX.6.2.1,STM32CubeMX.6.6.1
2023-07-09 21:10:36,239 [INFO] AnalyticsPlugin:264 - Accepted CMSIS Pack Licenses: STMicroelectronics.X-CUBE-TOUCHGFX.4.20.0
2023-07-09 21:10:36,240 [INFO] AnalyticsPlugin:266 - Accepted Firmware Licenses: FW.F4.1.27.0,FW.H7.1.10.0
2023-07-09 21:10:36,249 [INFO] PluginManage:356 - Loaded plugin analytics (category:tool,tabindex:-1)
2023-07-09 21:10:36,250 [INFO] PluginManage:307 - Check plugin cadmodel
2023-07-09 21:10:36,254 [INFO] CADModel:65 - Init CAD model plugin
2023-07-09 21:10:36,254 [INFO] PluginManage:356 - Loaded plugin cadmodel (category:power,tabindex:5)
2023-07-09 21:10:36,254 [INFO] PluginManage:307 - Check plugin clock
2023-07-09 21:10:36,267 [INFO] PluginManage:356 - Loaded plugin clock (category:base,tabindex:2)
2023-07-09 21:10:36,267 [INFO] PluginManage:307 - Check plugin ddr
2023-07-09 21:10:36,271 [INFO] PluginManage:356 - Loaded plugin ddr (category:tool,tabindex:6)
2023-07-09 21:10:36,271 [INFO] PluginManage:307 - Check plugin filemanager
2023-07-09 21:10:36,417 [INFO] PluginManage:356 - Loaded plugin filemanager (category:base,tabindex:10)
2023-07-09 21:10:36,418 [INFO] PluginManage:307 - Check plugin ipmanager
2023-07-09 21:10:36,427 [INFO] PluginManage:356 - Loaded plugin ipmanager (category:base,tabindex:5)
2023-07-09 21:10:36,427 [INFO] PluginManage:307 - Check plugin lpbam
2023-07-09 21:10:36,437 [INFO] PluginManage:356 - Loaded plugin lpbam (category:base,tabindex:0)
2023-07-09 21:10:36,437 [INFO] PluginManage:307 - Check plugin pinoutandconfiguration
2023-07-09 21:10:36,447 [INFO] PluginManage:356 - Loaded plugin pinoutandconfiguration (category:base,tabindex:1)
2023-07-09 21:10:36,447 [INFO] PluginManage:307 - Check plugin pinoutconfig
2023-07-09 21:10:36,480 [INFO] PluginManage:356 - Loaded plugin pinoutconfig (category:base,tabindex:0)
2023-07-09 21:10:36,480 [INFO] PluginManage:307 - Check plugin power
2023-07-09 21:10:36,493 [INFO] PluginManage:356 - Loaded plugin power (category:power,tabindex:4)
2023-07-09 21:10:36,493 [INFO] PluginManage:307 - Check plugin projectmanager
2023-07-09 21:10:36,511 [INFO] PluginManage:356 - Loaded plugin projectmanager (category:projectmanager,tabindex:3)
2023-07-09 21:10:36,512 [INFO] PluginManage:307 - Check plugin thirdparty
2023-07-09 21:10:36,650 [WARN] IntegrityCheckThread:82 - waiting for thirdparty lock release [integrity check]
2023-07-09 21:10:36,650 [INFO] PluginManage:356 - Loaded plugin thirdparty (category:base,tabindex:-1)
2023-07-09 21:10:36,650 [INFO] IntegrityCheckThread:84 - entering critical section [integrity check]
2023-07-09 21:10:36,651 [INFO] PluginManage:307 - Check plugin tools
2023-07-09 21:10:36,653 [INFO] ThirdPartyUpdaterWithRetryManager:70 - Updater plugin not ready yet. [1/15]
2023-07-09 21:10:36,653 [INFO] PluginManage:356 - Loaded plugin tools (category:base,tabindex:7)
2023-07-09 21:10:36,654 [INFO] PluginManage:307 - Check plugin tutovideos
2023-07-09 21:10:36,887 [INFO] PluginManage:356 - Loaded plugin tutovideos (category:base,tabindex:-1)
2023-07-09 21:10:36,887 [INFO] PluginManage:307 - Check plugin updater
2023-07-09 21:10:36,909 [INFO] PluginManage:356 - Loaded plugin updater (category:base,tabindex:12)
2023-07-09 21:10:36,910 [INFO] PluginManage:280 - PluginManage : Loaded plugins [15]
2023-07-09 21:10:37,311 [INFO] PinOutPanel:1468 - setPackage(No Configuration,No Configuration)
2023-07-09 21:10:37,412 [INFO] CADModel:98 - CPN selected for project level
2023-07-09 21:10:37,440 [INFO] IPUIPlugin:79 - create IPUIPlugin
2023-07-09 21:10:37,440 [INFO] PluginManager:217 - loadIPPluginJar : add adc
2023-07-09 21:10:37,444 [INFO] IPUIPlugin:79 - create IPUIPlugin
2023-07-09 21:10:37,444 [INFO] PluginManager:217 - loadIPPluginJar : add aes
2023-07-09 21:10:37,448 [INFO] IPUIPlugin:79 - create IPUIPlugin
2023-07-09 21:10:37,449 [INFO] PluginManager:217 - loadIPPluginJar : add can
2023-07-09 21:10:37,451 [INFO] IPUIPlugin:79 - create IPUIPlugin
2023-07-09 21:10:37,451 [INFO] PluginManager:217 - loadIPPluginJar : add comp
2023-07-09 21:10:37,455 [INFO] IPUIPlugin:79 - create IPUIPlugin
2023-07-09 21:10:37,455 [INFO] PluginManager:217 - loadIPPluginJar : add cryp
2023-07-09 21:10:37,458 [INFO] IPUIPlugin:79 - create IPUIPlugin
2023-07-09 21:10:37,459 [INFO] PluginManager:217 - loadIPPluginJar : add dfsdm
2023-07-09 21:10:37,467 [INFO] IPUIPlugin:79 - create IPUIPlugin
2023-07-09 21:10:37,468 [INFO] PluginManager:217 - loadIPPluginJar : add dma
2023-07-09 21:10:37,472 [INFO] IPUIPlugin:79 - create IPUIPlugin
2023-07-09 21:10:37,473 [INFO] PluginManager:217 - loadIPPluginJar : add dma3
2023-07-09 21:10:37,475 [INFO] IPUIPlugin:79 - create IPUIPlugin
2023-07-09 21:10:37,475 [INFO] PluginManager:217 - loadIPPluginJar : add fatfs
2023-07-09 21:10:37,482 [INFO] IPUIPlugin:79 - create IPUIPlugin
2023-07-09 21:10:37,482 [INFO] PluginManager:217 - loadIPPluginJar : add fmc
2023-07-09 21:10:37,491 [INFO] IPUIPlugin:79 - create IPUIPlugin
2023-07-09 21:10:37,491 [INFO] PluginManager:217 - loadIPPluginJar : add freertos
2023-07-09 21:10:37,493 [INFO] IPUIPlugin:79 - create IPUIPlugin
2023-07-09 21:10:37,493 [INFO] PluginManager:217 - loadIPPluginJar : add genericplugin
2023-07-09 21:10:37,497 [INFO] IPUIPlugin:79 - create IPUIPlugin
2023-07-09 21:10:37,498 [INFO] PluginManager:217 - loadIPPluginJar : add gfxmmu
2023-07-09 21:10:37,503 [INFO] IPUIPlugin:79 - create IPUIPlugin
2023-07-09 21:10:37,504 [INFO] PluginManager:217 - loadIPPluginJar : add gic
2023-07-09 21:10:37,508 [INFO] IPUIPlugin:79 - create IPUIPlugin
2023-07-09 21:10:37,509 [INFO] PluginManager:217 - loadIPPluginJar : add gpio
2023-07-09 21:10:37,513 [INFO] IPUIPlugin:79 - create IPUIPlugin
2023-07-09 21:10:37,513 [INFO] PluginManager:217 - loadIPPluginJar : add gtzc
2023-07-09 21:10:37,516 [INFO] IPUIPlugin:79 - create IPUIPlugin
2023-07-09 21:10:37,517 [INFO] PluginManager:217 - loadIPPluginJar : add hash
2023-07-09 21:10:37,520 [INFO] IPUIPlugin:79 - create IPUIPlugin
2023-07-09 21:10:37,520 [INFO] PluginManager:217 - loadIPPluginJar : add i2c
2023-07-09 21:10:37,524 [INFO] IPUIPlugin:79 - create IPUIPlugin
2023-07-09 21:10:37,524 [INFO] PluginManager:217 - loadIPPluginJar : add i2s
2023-07-09 21:10:37,528 [INFO] IPUIPlugin:79 - create IPUIPlugin
2023-07-09 21:10:37,529 [INFO] PluginManager:217 - loadIPPluginJar : add ipddr
2023-07-09 21:10:37,538 [INFO] IPUIPlugin:79 - create IPUIPlugin
2023-07-09 21:10:37,538 [INFO] PluginManager:217 - loadIPPluginJar : add linkedlist
2023-07-09 21:10:37,543 [INFO] IPUIPlugin:79 - create IPUIPlugin
2023-07-09 21:10:37,543 [INFO] PluginManager:217 - loadIPPluginJar : add lorawan
2023-07-09 21:10:37,545 [INFO] IPUIPlugin:79 - create IPUIPlugin
2023-07-09 21:10:37,546 [INFO] PluginManager:217 - loadIPPluginJar : add ltdc
2023-07-09 21:10:37,551 [INFO] IPUIPlugin:79 - create IPUIPlugin
2023-07-09 21:10:37,551 [INFO] PluginManager:217 - loadIPPluginJar : add mdma
2023-07-09 21:10:37,555 [INFO] IPUIPlugin:79 - create IPUIPlugin
2023-07-09 21:10:37,555 [INFO] PluginManager:217 - loadIPPluginJar : add nvic
2023-07-09 21:10:37,560 [INFO] IPUIPlugin:79 - create IPUIPlugin
2023-07-09 21:10:37,560 [INFO] PluginManager:217 - loadIPPluginJar : add opamp
2023-07-09 21:10:37,564 [INFO] IPUIPlugin:79 - create IPUIPlugin
2023-07-09 21:10:37,564 [INFO] PluginManager:217 - loadIPPluginJar : add openamp
2023-07-09 21:10:37,568 [INFO] IPUIPlugin:79 - create IPUIPlugin
2023-07-09 21:10:37,568 [INFO] PluginManager:217 - loadIPPluginJar : add pdm2pcm
2023-07-09 21:10:37,575 [INFO] IPUIPlugin:79 - create IPUIPlugin
2023-07-09 21:10:37,578 [INFO] PluginManager:217 - loadIPPluginJar : add plateformsettings
2023-07-09 21:10:37,580 [INFO] IPUIPlugin:79 - create IPUIPlugin
2023-07-09 21:10:37,580 [INFO] PluginManager:217 - loadIPPluginJar : add quadspi
2023-07-09 21:10:37,584 [INFO] IPUIPlugin:79 - create IPUIPlugin
2023-07-09 21:10:37,585 [INFO] PluginManager:217 - loadIPPluginJar : add resmgrutility
2023-07-09 21:10:37,588 [INFO] IPUIPlugin:79 - create IPUIPlugin
2023-07-09 21:10:37,589 [INFO] PluginManager:217 - loadIPPluginJar : add sai
2023-07-09 21:10:37,591 [INFO] IPUIPlugin:79 - create IPUIPlugin
2023-07-09 21:10:37,592 [INFO] PluginManager:217 - loadIPPluginJar : add spi
2023-07-09 21:10:37,597 [INFO] IPUIPlugin:79 - create IPUIPlugin
2023-07-09 21:10:37,597 [INFO] PluginManager:217 - loadIPPluginJar : add stm32_wpan
2023-07-09 21:10:37,599 [INFO] IPUIPlugin:79 - create IPUIPlugin
2023-07-09 21:10:37,599 [INFO] PluginManager:217 - loadIPPluginJar : add tim
2023-07-09 21:10:37,603 [INFO] IPUIPlugin:79 - create IPUIPlugin
2023-07-09 21:10:37,603 [INFO] PluginManager:217 - loadIPPluginJar : add touchsensing
2023-07-09 21:10:37,605 [INFO] IPUIPlugin:79 - create IPUIPlugin
2023-07-09 21:10:37,605 [INFO] PluginManager:217 - loadIPPluginJar : add tracer_emb
2023-07-09 21:10:37,608 [INFO] IPUIPlugin:79 - create IPUIPlugin
2023-07-09 21:10:37,608 [INFO] PluginManager:217 - loadIPPluginJar : add ts
2023-07-09 21:10:37,610 [INFO] IPUIPlugin:79 - create IPUIPlugin
2023-07-09 21:10:37,610 [INFO] PluginManager:217 - loadIPPluginJar : add tsc
2023-07-09 21:10:37,613 [INFO] IPUIPlugin:79 - create IPUIPlugin
2023-07-09 21:10:37,613 [INFO] PluginManager:217 - loadIPPluginJar : add ucpd
2023-07-09 21:10:37,616 [INFO] IPUIPlugin:79 - create IPUIPlugin
2023-07-09 21:10:37,616 [INFO] PluginManager:217 - loadIPPluginJar : add usart
2023-07-09 21:10:37,620 [INFO] IPUIPlugin:79 - create IPUIPlugin
2023-07-09 21:10:37,620 [INFO] PluginManager:217 - loadIPPluginJar : add usbx
2023-07-09 21:10:38,027 [FATAL] Updater:301 - Updater called before beeing initialized
2023-07-09 21:10:38,173 [FATAL] Updater:301 - Updater called before beeing initialized
2023-07-09 21:10:38,181 [INFO] DbMcusAds:52 - JSON generation date=Tue Mar 07 16:50:55 CST 2023 (1678179055335)
2023-07-09 21:10:38,181 [FATAL] Updater:301 - Updater called before beeing initialized
2023-07-09 21:10:38,225 [WARN] DetailPanel:344 - Failed to get advertising image, set to default
2023-07-09 21:10:38,330 [FATAL] Updater:301 - Updater called before beeing initialized
2023-07-09 21:10:38,333 [FATAL] Updater:301 - Updater called before beeing initialized
2023-07-09 21:10:38,333 [FATAL] Updater:301 - Updater called before beeing initialized
2023-07-09 21:10:38,333 [WARN] DetailPanel:344 - Failed to get advertising image, set to default
2023-07-09 21:10:38,334 [FATAL] Updater:301 - Updater called before beeing initialized
2023-07-09 21:10:38,394 [ERROR] Updater:1105 - MainUpdater not yet initialized. External WinMGr cannot be set.
2023-07-09 21:10:38,397 [INFO] Updater:1041 - Updater Version found : 6.6.1
2023-07-09 21:10:38,420 [INFO] ApplicationProperties:181 - Using Application install path: C:\Program Files\STMicroelectronics\STM32Cube\STM32CubeIDE_1.10.1\STM32CubeIDE\plugins\com.st.stm32cube.common.mx_6.6.1.202207061420
2023-07-09 21:10:38,783 [INFO] MainUpdater:2768 - connection check result : 10
2023-07-09 21:10:38,784 [INFO] MainUpdater:280 - Updater Check For Update Now.
2023-07-09 21:10:38,784 [INFO] MicroXplorer:481 - Change Database Version : DB.6.0.60
2023-07-09 21:10:38,955 [INFO] CheckServerUpdateThread:119 - End of CheckServer Thread
2023-07-09 21:10:38,994 [INFO] MainUpdater:2768 - connection check result : 10
2023-07-09 21:10:38,996 [INFO] MainUpdater:2768 - connection check result : 10
2023-07-09 21:10:39,070 [INFO] MicroXplorer:451 - Change Database Path : 
2023-07-09 21:10:39,071 [INFO] MicroXplorer:481 - Change Database Version : DB.6.0.60
2023-07-09 21:10:39,073 [WARN] ThirdParty:827 - waiting for thirdparty lock release [close project]
2023-07-09 21:10:39,872 [WARN] PackLoader:242 - Cannot read IP mode file for STMicroelectronics.X-CUBE-GNSS1.6.0.0
2023-07-09 21:10:39,907 [WARN] PackLoader:242 - Cannot read IP mode file for STMicroelectronics.X-CUBE-AZRTOS-F4.1.1.0
2023-07-09 21:10:39,921 [WARN] PackLoader:242 - Cannot read IP mode file for STMicroelectronics.X-CUBE-SMBUS.2.1.0
2023-07-09 21:10:39,930 [WARN] PackLoader:242 - Cannot read IP mode file for STMicroelectronics.X-CUBE-BLEMGR.1.2.0
2023-07-09 21:10:40,007 [WARN] PackLoader:242 - Cannot read IP mode file for STMicroelectronics.X-CUBE-AZRTOS-F7.1.1.0
2023-07-09 21:10:40,102 [WARN] PackLoader:242 - Cannot read IP mode file for STMicroelectronics.X-CUBE-MEMS1.9.6.0
2023-07-09 21:10:40,286 [WARN] PackLoader:242 - Cannot read IP mode file for STMicroelectronics.FP-SNS-MOTENV1.4.3.2
2023-07-09 21:10:40,291 [WARN] PackLoader:242 - Cannot read IP mode file for STMicroelectronics.FP-SNS-FLIGHT1.5.0.1
2023-07-09 21:10:40,296 [WARN] PackLoader:242 - Cannot read IP mode file for STMicroelectronics.X-CUBE-BLE1.6.2.3
2023-07-09 21:10:40,300 [WARN] PackLoader:242 - Cannot read IP mode file for STMicroelectronics.X-CUBE-BLE1.6.2.4
2023-07-09 21:10:40,307 [WARN] PackLoader:242 - Cannot read IP mode file for STMicroelectronics.X-CUBE-BLEMGR.2.0.0
2023-07-09 21:10:40,316 [WARN] PackLoader:242 - Cannot read IP mode file for STMicroelectronics.X-CUBE-NFC4.2.0.5
2023-07-09 21:10:40,320 [WARN] PackLoader:242 - Cannot read IP mode file for STMicroelectronics.X-CUBE-NFC4.2.0.4
2023-07-09 21:10:40,340 [WARN] ConditionMgr:437 - getConditionDescription Invalid condition id : UX DEVICE CLASS RTOS Condition cause : null
2023-07-09 21:10:40,340 [WARN] ConditionMgr:437 - getConditionDescription Invalid condition id : UX DEVICE CLASS RTOS Condition cause : null
2023-07-09 21:10:40,346 [WARN] PackLoader:242 - Cannot read IP mode file for STMicroelectronics.X-CUBE-AZRTOS-H7.3.1.0
2023-07-09 21:10:40,348 [WARN] ConditionMgr:1038 - genDependencies : Invalid condition id : UX DEVICE CLASS RTOS Condition cause : null
2023-07-09 21:10:40,348 [WARN] ConditionMgr:1038 - genDependencies : Invalid condition id : UX DEVICE CLASS RTOS Condition cause : null
2023-07-09 21:10:40,349 [WARN] ConditionMgr:1038 - genDependencies : Invalid condition id : UX DEVICE CLASS RTOS Condition cause : null
2023-07-09 21:10:40,349 [WARN] ConditionMgr:1038 - genDependencies : Invalid condition id : UX DEVICE CLASS RTOS Condition cause : null
2023-07-09 21:10:40,349 [WARN] ConditionMgr:1038 - genDependencies : Invalid condition id : UX DEVICE CLASS RTOS Condition cause : null
2023-07-09 21:10:40,360 [WARN] PackLoader:242 - Cannot read IP mode file for STMicroelectronics.X-CUBE-TOF1.3.1.0
2023-07-09 21:10:40,370 [WARN] PackLoader:242 - Cannot read IP mode file for STMicroelectronics.X-CUBE-DISPLAY.3.0.0
2023-07-09 21:10:40,380 [WARN] PackLoader:242 - Cannot read IP mode file for wolfSSL.I-CUBE-wolfSSL.5.5.0
2023-07-09 21:10:40,385 [WARN] PackLoader:242 - Cannot read IP mode file for STMicroelectronics.X-CUBE-TOUCHGFX.4.22.0
2023-07-09 21:10:40,390 [WARN] PackLoader:242 - Cannot read IP mode file for STMicroelectronics.X-CUBE-NFC7.1.0.1
2023-07-09 21:10:40,394 [WARN] PackLoader:242 - Cannot read IP mode file for STMicroelectronics.X-CUBE-NFC7.1.0.0
2023-07-09 21:10:40,433 [WARN] PackLoader:242 - Cannot read IP mode file for STMicroelectronics.X-CUBE-MEMS1.9.3.0
2023-07-09 21:10:40,555 [WARN] PackLoader:242 - Cannot read IP mode file for STMicroelectronics.X-CUBE-EEPRMA1.4.1.0
2023-07-09 21:10:40,560 [WARN] PackLoader:242 - Cannot read IP mode file for STMicroelectronics.X-CUBE-AI.7.2.0
2023-07-09 21:10:40,569 [INFO] LogOutputStream:76 - [STDOUT_REDIRECT] 1 : Invalid condition id : UX_CORESTACK_Condition cause : null
2023-07-09 21:10:40,570 [INFO] LogOutputStream:76 - [STDOUT_REDIRECT] 1 : Invalid condition id : UX_CORESTACK_Condition cause : null
2023-07-09 21:10:40,571 [INFO] LogOutputStream:76 - [STDOUT_REDIRECT] 1 : Invalid condition id : UX_CORESTACK_Condition cause : null
2023-07-09 21:10:40,573 [INFO] LogOutputStream:76 - [STDOUT_REDIRECT] 1 : Invalid condition id : UX_CORESTACK_Condition cause : null
2023-07-09 21:10:40,574 [INFO] LogOutputStream:76 - [STDOUT_REDIRECT] 1 : Invalid condition id : UX_CORESTACK_Condition cause : null
2023-07-09 21:10:40,577 [WARN] PackLoader:242 - Cannot read IP mode file for STMicroelectronics.X-CUBE-AZRTOS-WL.2.0.0
2023-07-09 21:10:40,601 [WARN] ConditionMgr:437 - getConditionDescription Invalid condition id : LAN8742 Phy interface Condition cause : null
2023-07-09 21:10:40,602 [WARN] PackLoader:242 - Cannot read IP mode file for STMicroelectronics.X-CUBE-AZRTOS-L4.2.0.0
2023-07-09 21:10:40,603 [WARN] ConditionMgr:1038 - genDependencies : Invalid condition id : LAN8742 Phy interface Condition cause : null
2023-07-09 21:10:40,603 [WARN] ConditionMgr:1038 - genDependencies : Invalid condition id : LAN8742 Phy interface Condition cause : null
2023-07-09 21:10:40,603 [WARN] ConditionMgr:1038 - genDependencies : Invalid condition id : LAN8742 Phy interface Condition cause : null
2023-07-09 21:10:40,613 [WARN] PackLoader:242 - Cannot read IP mode file for WES.I-CUBE-Cesium.1.3.0
2023-07-09 21:10:40,619 [WARN] PackLoader:242 - Cannot read IP mode file for STMicroelectronics.X-CUBE-SFXS2LP1.4.0.0
2023-07-09 21:10:40,625 [WARN] PackLoader:242 - Cannot read IP mode file for STMicroelectronics.X-CUBE-BLE2.3.3.0
2023-07-09 21:10:40,631 [WARN] PackLoader:242 - Cannot read IP mode file for STMicroelectronics.X-CUBE-DISPLAY.2.2.0
2023-07-09 21:10:40,647 [WARN] PackLoader:242 - Cannot read IP mode file for STMicroelectronics.X-CUBE-TOF1.3.2.0
2023-07-09 21:10:40,676 [WARN] PackLoader:242 - Cannot read IP mode file for STMicroelectronics.X-CUBE-AZRTOS-H7.3.0.0
2023-07-09 21:10:40,685 [WARN] PackLoader:242 - Cannot read IP mode file for STMicroelectronics.X-CUBE-ISPU.1.0.0
2023-07-09 21:10:40,689 [WARN] PackLoader:242 - Cannot read IP mode file for STMicroelectronics.X-CUBE-ISPU.1.1.0
2023-07-09 21:10:40,700 [WARN] PackLoader:242 - Cannot read IP mode file for RoweBots.I-CUBE-UNISONRTOS.5.5.0-4
2023-07-09 21:10:40,723 [WARN] PackLoader:242 - Cannot read IP mode file for STMicroelectronics.X-CUBE-AZRTOS-H7.2.1.0
2023-07-09 21:10:40,732 [WARN] PackLoader:242 - Cannot read IP mode file for STMicroelectronics.X-CUBE-AI.8.0.0
2023-07-09 21:10:40,738 [WARN] PackLoader:242 - Cannot read IP mode file for STMicroelectronics.X-CUBE-FREERTOS.1.0.0
2023-07-09 21:10:40,742 [WARN] PackLoader:242 - Cannot read IP mode file for STMicroelectronics.X-CUBE-FREERTOS.1.0.1
2023-07-09 21:10:40,745 [WARN] PackLoader:242 - Cannot read IP mode file for STMicroelectronics.X-CUBE-TOUCHGFX.4.21.0
2023-07-09 21:10:40,747 [WARN] PackLoader:242 - Cannot read IP mode file for STMicroelectronics.X-CUBE-TOUCHGFX.4.21.3
2023-07-09 21:10:40,754 [WARN] PackLoader:242 - Cannot read IP mode file for STMicroelectronics.X-CUBE-BLEMGR.1.0.0
2023-07-09 21:10:40,804 [WARN] PackLoader:242 - Cannot read IP mode file for STMicroelectronics.X-CUBE-MEMS1.9.4.0
2023-07-09 21:10:41,000 [WARN] PackLoader:242 - Cannot read IP mode file for STMicroelectronics.X-CUBE-AI.7.3.0
2023-07-09 21:10:41,005 [WARN] PackLoader:242 - Cannot read IP mode file for STMicroelectronics.X-CUBE-ALGOBUILD.1.3.0
2023-07-09 21:10:41,020 [WARN] PackLoader:242 - Cannot read IP mode file for STMicroelectronics.X-CUBE-AZRTOS-L5.1.1.0
2023-07-09 21:10:41,039 [WARN] PackLoader:242 - Cannot read IP mode file for STMicroelectronics.X-CUBE-AZRTOS-G0.1.1.0
2023-07-09 21:10:41,044 [WARN] PackLoader:242 - Cannot read IP mode file for STMicroelectronics.X-CUBE-AI.8.0.1
2023-07-09 21:10:41,055 [WARN] PackLoader:242 - Cannot read IP mode file for STMicroelectronics.X-CUBE-SUBG2.5.0.0
2023-07-09 21:10:41,065 [WARN] PackLoader:242 - Cannot read IP mode file for STMicroelectronics.X-CUBE-NFC4.3.0.0
2023-07-09 21:10:41,111 [WARN] PackLoader:242 - Cannot read IP mode file for SEGGER.I-CUBE-embOS.1.2.0
2023-07-09 21:10:41,176 [WARN] PackLoader:242 - Cannot read IP mode file for STMicroelectronics.X-CUBE-AZRTOS-G4.2.0.0
2023-07-09 21:10:41,188 [WARN] PackLoader:242 - Cannot read IP mode file for STMicroelectronics.X-CUBE-TOF1.3.3.0
2023-07-09 21:10:41,202 [WARN] PackLoader:242 - Cannot read IP mode file for STMicroelectronics.FP-ATR-ASTRA1.1.1.1
2023-07-09 21:10:41,209 [WARN] PackLoader:242 - Cannot read IP mode file for STMicroelectronics.X-CUBE-BLEMGR.1.3.0
2023-07-09 21:10:41,224 [WARN] PackLoader:242 - Cannot read IP mode file for STMicroelectronics.X-CUBE-AZRTOS-G4.1.0.0
2023-07-09 21:10:41,230 [WARN] PackLoader:242 - Cannot read IP mode file for STMicroelectronics.FP-ATR-SIGFOX1.3.2.0
2023-07-09 21:10:41,250 [WARN] PackLoader:242 - Cannot read IP mode file for STMicroelectronics.X-CUBE-AZRTOS-L4.1.0.0
2023-07-09 21:10:41,267 [WARN] PackLoader:242 - Cannot read IP mode file for emotas.I-CUBE-CANOPEN.1.1.2
2023-07-09 21:10:41,274 [WARN] PackLoader:242 - Cannot read IP mode file for STMicroelectronics.X-CUBE-TOUCHGFX.4.20.0
2023-07-09 21:10:41,519 [WARN] PackLoader:242 - Cannot read IP mode file for STMicroelectronics.X-CUBE-AZRTOS-WL.1.0.0
2023-07-09 21:10:41,528 [WARN] PackLoader:242 - Cannot read IP mode file for portGmbH.I-Cube-SoM-uGOAL.1.1.0
2023-07-09 21:10:41,533 [WARN] PackLoader:242 - Cannot read IP mode file for STMicroelectronics.X-CUBE-ALS.1.0.1
2023-07-09 21:10:41,570 [WARN] PackLoader:242 - Cannot read IP mode file for STMicroelectronics.X-CUBE-MEMS1.9.5.0
2023-07-09 21:10:41,705 [WARN] PackLoader:242 - Cannot read IP mode file for STMicroelectronics.X-CUBE-AZRTOS-WB.1.1.0
2023-07-09 21:10:41,738 [WARN] PackLoader:242 - Cannot read IP mode file for SEGGER.I-CUBE-embOS.1.3.1
2023-07-09 21:10:41,820 [WARN] PackLoader:242 - Cannot read IP mode file for STMicroelectronics.X-CUBE-AZRTOS-L5.1.0.0
2023-07-09 21:10:41,826 [WARN] PackLoader:242 - Cannot read IP mode file for STMicroelectronics.X-CUBE-EEPRMA1.3.1.1
2023-07-09 21:10:41,829 [WARN] PackLoader:242 - Cannot read IP mode file for STMicroelectronics.FP-ATR-ASTRA1.2.0.0
2023-07-09 21:10:41,830 [INFO] ThirdParty:929 - Integrity check success = true
2023-07-09 21:10:41,830 [INFO] IntegrityCheckThread:98 - exiting critical section [integrity check]
2023-07-09 21:10:41,831 [INFO] IntegrityCheckThread:101 - End integrity checks thread
2023-07-09 21:10:41,831 [INFO] ThirdParty:829 - entering critical section [close project]
2023-07-09 21:10:41,832 [INFO] ThirdParty:839 - exiting critical section [close project]
2023-07-09 21:10:41,837 [INFO] PinOutPanel:1468 - setPackage(No Configuration,No Configuration)
2023-07-09 21:10:41,844 [INFO] UtilMem:74 - Begin LoadConfig() Used Memory: 207568520 Bytes (586153984)
2023-07-09 21:10:41,846 [INFO] MicroXplorer:451 - Change Database Path : 
2023-07-09 21:10:41,846 [INFO] MicroXplorer:481 - Change Database Version : DB.6.0.60
2023-07-09 21:10:41,846 [INFO] OpenFileManager:307 - Change cursor
2023-07-09 21:10:41,899 [INFO] Mcu:1922 - Initializing MCU STM32F407Z(E-G)Tx STM32F407ZGTx STM32F407ZGT6
2023-07-09 21:10:44,445 [INFO] Context:654 - Trying to add GPIOservice into a context  which must be forbidden
2023-07-09 21:10:45,228 [WARN] ApiManager:308 - Cannot register API 'Board Extension:GNSS1A1' from pack STMicroelectronics.X-CUBE-GNSS1.6.0.0: no header file found
2023-07-09 21:10:45,229 [WARN] ApiManager:308 - Cannot register API 'Board Support:Custom' from pack STMicroelectronics.X-CUBE-GNSS1.6.0.0: no header file found
2023-07-09 21:10:45,229 [WARN] ApiManager:308 - Cannot register API 'Data Exchange:lib_gnss' from pack STMicroelectronics.X-CUBE-GNSS1.6.0.0: no header file found
2023-07-09 21:10:45,424 [WARN] ApiManager:308 - Cannot register API 'Board Extension:IKS01A3' from pack STMicroelectronics.X-CUBE-MEMS1.9.4.0: no header file found
2023-07-09 21:10:45,424 [WARN] ApiManager:308 - Cannot register API 'Board Extension:IKS01A2' from pack STMicroelectronics.X-CUBE-MEMS1.9.4.0: no header file found
2023-07-09 21:10:45,425 [WARN] ApiManager:308 - Cannot register API 'Board Extension:IKS02A1' from pack STMicroelectronics.X-CUBE-MEMS1.9.4.0: no header file found
2023-07-09 21:10:45,527 [WARN] ApiManager:308 - Cannot register API 'Board Extension:IKS01A3' from pack STMicroelectronics.X-CUBE-MEMS1.9.6.0: no header file found
2023-07-09 21:10:45,527 [WARN] ApiManager:308 - Cannot register API 'Board Extension:IKS01A2' from pack STMicroelectronics.X-CUBE-MEMS1.9.6.0: no header file found
2023-07-09 21:10:45,527 [WARN] ApiManager:308 - Cannot register API 'Board Extension:IKS02A1' from pack STMicroelectronics.X-CUBE-MEMS1.9.6.0: no header file found
2023-07-09 21:10:45,536 [WARN] ApiManager:308 - Cannot register API 'Wireless:BlueNRG-MS' from pack STMicroelectronics.X-CUBE-BLE1.6.2.3: no header file found
2023-07-09 21:10:45,537 [WARN] ApiManager:308 - Cannot register API 'Wireless:BlueNRG-MS' from pack STMicroelectronics.X-CUBE-BLE1.6.2.4: no header file found
2023-07-09 21:10:45,540 [INFO] RtosManager:488 - Registered RTOS mode: class=CMSIS, group=RTOS, mode=CMSIS_V1, owner=FREERTOS
2023-07-09 21:10:45,540 [INFO] RtosManager:488 - Registered RTOS mode: class=CMSIS, group=RTOS2, mode=CMSIS_V2, owner=FREERTOS
2023-07-09 21:10:45,540 [INFO] RtosManager:488 - Registered RTOS mode: class=RTOS, group=Core, mode=CMSIS_V1, owner=FREERTOS
2023-07-09 21:10:45,540 [INFO] RtosManager:488 - Registered RTOS mode: class=RTOS, group=Core, mode=CMSIS_V2, owner=FREERTOS
2023-07-09 21:10:45,541 [WARN] ModelIntegratedComponent:185 - Missing modes for component STMicroelectronics:FreeRTOS:0.0.1:STMicroelectronics:RTOS:FreeRTOS:Core:::10.2.0:
2023-07-09 21:10:45,544 [WARN] ApiManager:308 - Cannot register API 'Board Extension:S2868A1' from pack STMicroelectronics.X-CUBE-SUBG2.5.0.0: no header file found
2023-07-09 21:10:45,545 [WARN] ApiManager:308 - Cannot register API 'Board Extension:S2868A2' from pack STMicroelectronics.X-CUBE-SUBG2.5.0.0: no header file found
2023-07-09 21:10:45,545 [WARN] ApiManager:308 - Cannot register API 'Board Extension:S2915A1' from pack STMicroelectronics.X-CUBE-SUBG2.5.0.0: no header file found
2023-07-09 21:10:45,546 [WARN] ApiManager:308 - Cannot register API 'Board Extension:NFC04A1' from pack STMicroelectronics.X-CUBE-NFC4.3.0.0: no header file found
2023-07-09 21:10:45,551 [WARN] ApiManager:308 - Cannot register API 'Board Extension:NFC04A1' from pack STMicroelectronics.X-CUBE-NFC4.2.0.5: no header file found
2023-07-09 21:10:45,551 [WARN] ApiManager:308 - Cannot register API 'Board Extension:NFC04A1' from pack STMicroelectronics.X-CUBE-NFC4.2.0.4: no header file found
2023-07-09 21:10:45,565 [WARN] ModelIntegratedComponent:64 - No mode defined for component null
2023-07-09 21:10:45,565 [WARN] ModelIntegratedComponent:64 - No mode defined for component null
2023-07-09 21:10:45,566 [WARN] ModelIntegratedComponent:64 - No mode defined for component null
2023-07-09 21:10:45,566 [WARN] ModelIntegratedComponent:64 - No mode defined for component null
2023-07-09 21:10:45,566 [WARN] ModelIntegratedComponent:64 - No mode defined for component null
2023-07-09 21:10:45,566 [WARN] ModelIntegratedComponent:64 - No mode defined for component null
2023-07-09 21:10:45,566 [WARN] ModelIntegratedComponent:64 - No mode defined for component null
2023-07-09 21:10:45,566 [WARN] ModelIntegratedComponent:64 - No mode defined for component null
2023-07-09 21:10:45,566 [WARN] ModelIntegratedComponent:64 - No mode defined for component null
2023-07-09 21:10:45,566 [WARN] ModelIntegratedComponent:64 - No mode defined for component null
2023-07-09 21:10:45,566 [WARN] ModelIntegratedComponent:64 - No mode defined for component null
2023-07-09 21:10:45,566 [WARN] ModelIntegratedComponent:64 - No mode defined for component null
2023-07-09 21:10:45,566 [WARN] ModelIntegratedComponent:64 - No mode defined for component null
2023-07-09 21:10:45,566 [WARN] ModelIntegratedComponent:64 - No mode defined for component null
2023-07-09 21:10:45,567 [WARN] ModelIntegratedComponent:64 - No mode defined for component null
2023-07-09 21:10:45,567 [WARN] ModelIntegratedComponent:64 - No mode defined for component null
2023-07-09 21:10:45,567 [WARN] ModelIntegratedComponent:64 - No mode defined for component null
2023-07-09 21:10:45,567 [WARN] ModelIntegratedComponent:64 - No mode defined for component null
2023-07-09 21:10:45,567 [WARN] ModelIntegratedComponent:64 - No mode defined for component null
2023-07-09 21:10:45,567 [WARN] ModelIntegratedComponent:64 - No mode defined for component null
2023-07-09 21:10:45,567 [WARN] ModelIntegratedComponent:64 - No mode defined for component null
2023-07-09 21:10:45,567 [WARN] ModelIntegratedComponent:64 - No mode defined for component null
2023-07-09 21:10:45,567 [WARN] ModelIntegratedComponent:64 - No mode defined for component null
2023-07-09 21:10:45,567 [WARN] ModelIntegratedComponent:64 - No mode defined for component null
2023-07-09 21:10:45,567 [WARN] ModelIntegratedComponent:64 - No mode defined for component null
2023-07-09 21:10:45,567 [WARN] ModelIntegratedComponent:64 - No mode defined for component null
2023-07-09 21:10:45,567 [WARN] ModelIntegratedComponent:64 - No mode defined for component null
2023-07-09 21:10:45,567 [WARN] ModelIntegratedComponent:64 - No mode defined for component null
2023-07-09 21:10:45,568 [WARN] ModelIntegratedComponent:64 - No mode defined for component null
2023-07-09 21:10:45,568 [WARN] ModelIntegratedComponent:64 - No mode defined for component null
2023-07-09 21:10:45,568 [WARN] ModelIntegratedComponent:64 - No mode defined for component null
2023-07-09 21:10:45,568 [WARN] ModelIntegratedComponent:64 - No mode defined for component null
2023-07-09 21:10:45,568 [WARN] ModelIntegratedComponent:64 - No mode defined for component null
2023-07-09 21:10:45,570 [WARN] ApiManager:308 - Cannot register API 'Board Extension:NFC07A1' from pack STMicroelectronics.X-CUBE-NFC7.1.0.1: no header file found
2023-07-09 21:10:45,571 [WARN] ApiManager:308 - Cannot register API 'Board Extension:NFC07A1' from pack STMicroelectronics.X-CUBE-NFC7.1.0.0: no header file found
2023-07-09 21:10:45,647 [WARN] ApiManager:308 - Cannot register API 'Board Extension:IKS01A3' from pack STMicroelectronics.X-CUBE-MEMS1.9.3.0: no header file found
2023-07-09 21:10:45,647 [WARN] ApiManager:308 - Cannot register API 'Board Extension:IKS01A2' from pack STMicroelectronics.X-CUBE-MEMS1.9.3.0: no header file found
2023-07-09 21:10:45,648 [WARN] ApiManager:308 - Cannot register API 'Board Extension:IKS02A1' from pack STMicroelectronics.X-CUBE-MEMS1.9.3.0: no header file found
2023-07-09 21:10:45,653 [WARN] ApiManager:308 - Cannot register API 'Board Extension:EEPRMA1' from pack STMicroelectronics.X-CUBE-EEPRMA1.4.1.0: no header file found
2023-07-09 21:10:45,653 [WARN] ApiManager:308 - Cannot register API 'Board Extension:EEPRMA2' from pack STMicroelectronics.X-CUBE-EEPRMA1.4.1.0: no header file found
2023-07-09 21:10:45,653 [WARN] ApiManager:308 - Cannot register API 'Board Extension:PGEEZ1' from pack STMicroelectronics.X-CUBE-EEPRMA1.4.1.0: no header file found
2023-07-09 21:10:45,653 [WARN] ApiManager:308 - Cannot register API 'Board Part:M24' from pack STMicroelectronics.X-CUBE-EEPRMA1.4.1.0: no header file found
2023-07-09 21:10:45,653 [WARN] ApiManager:308 - Cannot register API 'Board Part:M95' from pack STMicroelectronics.X-CUBE-EEPRMA1.4.1.0: no header file found
2023-07-09 21:10:45,653 [WARN] ApiManager:308 - Cannot register API 'Board Part:M95P32' from pack STMicroelectronics.X-CUBE-EEPRMA1.4.1.0: no header file found
2023-07-09 21:10:45,653 [WARN] ApiManager:308 - Cannot register API 'PGEEZ1:SPI' from pack STMicroelectronics.X-CUBE-EEPRMA1.4.1.0: no header file found
2023-07-09 21:10:45,654 [WARN] ApiManager:308 - Cannot register API 'PGEEZ1:QDSPI' from pack STMicroelectronics.X-CUBE-EEPRMA1.4.1.0: no header file found
2023-07-09 21:10:45,739 [WARN] ApiManager:308 - Cannot register API 'Board Extension:IKS01A3' from pack STMicroelectronics.X-CUBE-MEMS1.9.5.0: no header file found
2023-07-09 21:10:45,740 [WARN] ApiManager:308 - Cannot register API 'Board Extension:IKS01A2' from pack STMicroelectronics.X-CUBE-MEMS1.9.5.0: no header file found
2023-07-09 21:10:45,740 [WARN] ApiManager:308 - Cannot register API 'Board Extension:IKS02A1' from pack STMicroelectronics.X-CUBE-MEMS1.9.5.0: no header file found
2023-07-09 21:10:45,753 [WARN] ApiManager:308 - Cannot register API 'Board Extension:EEPRMA1' from pack STMicroelectronics.X-CUBE-EEPRMA1.3.1.1: no header file found
2023-07-09 21:10:45,753 [WARN] ApiManager:308 - Cannot register API 'Board Extension:EEPRMA2' from pack STMicroelectronics.X-CUBE-EEPRMA1.3.1.1: no header file found
2023-07-09 21:10:45,755 [WARN] ApiManager:308 - Cannot register API 'Board Extension:S2868A1' from pack STMicroelectronics.X-CUBE-SFXS2LP1.4.0.0: no header file found
2023-07-09 21:10:45,755 [WARN] ApiManager:308 - Cannot register API 'Board Extension:S2868A2' from pack STMicroelectronics.X-CUBE-SFXS2LP1.4.0.0: no header file found
2023-07-09 21:10:45,755 [WARN] ApiManager:308 - Cannot register API 'Board Extension:S2915A1' from pack STMicroelectronics.X-CUBE-SFXS2LP1.4.0.0: no header file found
2023-07-09 21:10:45,756 [WARN] ApiManager:308 - Cannot register API 'Wireless:BlueNRG-2' from pack STMicroelectronics.X-CUBE-BLE2.3.3.0: no header file found
2023-07-09 21:10:45,779 [INFO] ThirdPartyModel:289 - Start build external matchings
2023-07-09 21:10:47,145 [INFO] ThirdPartyModel:302 - End build external matchings
2023-07-09 21:10:47,197 [WARN] IP:2111 - I2C_Coeff_DF not found: check if there is a RefParameter without a condition.
2023-07-09 21:10:47,197 [WARN] IP:2111 - Analog_Filter not found: check if there is a RefParameter without a condition.
2023-07-09 21:10:47,198 [INFO] ImportTextPane:193 - (OptionalMessage_ERROR) IP (RCC) : Parameter (48MHZClocksFreq_Value) has invalid value (84000000)
2023-07-09 21:10:47,206 [INFO] ImportTextPane:193 - (OptionalMessage_ERROR) IP (RCC) : Parameter (RTCHSEDivFreq_Value) has invalid value (4000000)
2023-07-09 21:10:47,707 [INFO] UtilMem:74 - End LoadConfig() Used Memory: 458603792 Bytes (586153984)
2023-07-09 21:10:47,782 [INFO] ApiDb:576 - Connected to CubeFinder SQLite database (C:\Users\71492\.stmcufinder\plugins\mcufinder\mcu\cube-finder-db.db)
2023-07-09 21:10:47,807 [INFO] ApiDb:663 - CubeFinder database Data Model version=2.1
2023-07-09 21:10:47,807 [INFO] ApiDb:664 - CubeFinder database Configuration version=3.0.32
2023-07-09 21:10:47,808 [INFO] ApiDb:665 - CubeFinder database generation date=2022-08-05 (1659688109)
2023-07-09 21:10:47,808 [INFO] ApiDb:666 - CubeFinder database FW Pack versions=[STM32Cube_FW_C0_V1.0.0, STM32Cube_FW_F4_V1.27.1, STM32Cube_FW_F7_V1.17.0, STM32Cube_FW_G0_V1.6.1, STM32Cube_FW_G4_V1.5.0, STM32Cube_FW_H7_V1.10.0, STM32Cube_FW_L5_V1.4.0, STM32Cube_FW_U5_V1.1.1, STM32Cube_FW_WB_V1.14.1, STM32Cube_FW_WL_V1.2.0, X-CUBE-ALGOBUILD_V1.3.0, X-CUBE-ALS_V1.0.1, X-CUBE-AZRTOS-F4_V1.1.0, X-CUBE-AZRTOS-F7_V1.1.0, X-CUBE-AZRTOS-G0_V1.1.0, X-CUBE-AZRTOS-G4_V1.0.0, X-CUBE-AZRTOS-H7_V2.1.0, X-CUBE-AZRTOS-L4_V1.0.0, X-CUBE-AZRTOS-L5_V1.0.0, X-CUBE-AZRTOS-WL_V1.0.0, X-CUBE-BLE1_V6.2.3, X-CUBE-BLE2_V3.3.0, X-CUBE-EEPRMA1_V3.1.1, X-CUBE-GNSS1_V6.0.0, X-CUBE-MEMS1_V9.1.0, X-CUBE-MEMS1_V9.3.0, X-CUBE-NFC4_V2.0.4, X-CUBE-NFC7_V1.0.0, X-CUBE-SFXS2LP1_V4.0.0, X-CUBE-SUBG2_V5.0.0]
2023-07-09 21:10:49,558 [INFO] ApiDb:239 - Found 138 in-development CPN: [B-WB1M-WPAN1, NUCLEO-C031C6, STEVAL-STWINBX1, STM320518-EVAL, STM32C0116-DK, STM32C011D6Y3TR, STM32C011D6Y6TR, STM32C011F4P3, STM32C011F4P6, STM32C011F4U3, STM32C011F4U6TR, STM32C011F6P3, STM32C011F6P6, STM32C011F6U3, STM32C011F6U6TR, STM32C011J4M3, STM32C011J4M6, STM32C011J6M3, STM32C011J6M6, STM32C0316-DK, STM32C031C4T3, STM32C031C4T6, STM32C031C4U3, STM32C031C4U6, STM32C031C6T3, STM32C031C6T6, STM32C031C6U3, STM32C031C6U6, STM32C031F4P3, STM32C031F4P6, STM32C031F6P3, STM32C031F6P6, STM32C031G4U3, STM32C031G4U6, STM32C031G6U3, STM32C031G6U6, STM32C031K4T3, STM32C031K4T6, STM32C031K4U3, STM32C031K4U6, STM32C031K6T3, STM32C031K6T6, STM32C031K6U3, STM32C031K6U6, STM32G071K8TXN, STM32G071K8UXN, STM32G081GBU6N, STM32G081KBT6N, STM32G081KBUXN, STM32G0B1CCT6N, STM32G0B1KCT6, STM32G0B1NEY6TR, STM32G0B1RCT6N, STM32G0C1CCT6, STM32G0C1CCT6N, STM32G0C1CCU6N, STM32G0C1CET6N, STM32G0C1CEU6N, STM32G0C1KCT6, STM32G0C1NEY6TR, STM32G0C1RCI6N, STM32G0C1RCT6N, STM32G0C1REI6N, STM32G0C1RET6N, STM32G0C1VCI6, STM32G0C1VEI6, STM32G471CCT6, STM32G471CCU6, STM32G471CET3, STM32G471CET6, STM32G471CEU3, STM32G471CEU6, STM32G471MCT6, STM32G471MET3, STM32G471MET6, STM32G471MEY6TR, STM32G471QCT6, STM32G471QET3, STM32G471RCT6, STM32G471RET3, STM32G471RET6, STM32G471VCH6, STM32G471VCI6, STM32G471VCT6, STM32G471VEH3, STM32G471VEH6, STM32G471VEI3, STM32G471VEI6, STM32G471VET3, STM32G471VET6, STM32G474CCT6, STM32L476VGY6PTR, STM32L4R5QGI6STR, STM32MP131AAE3, STM32MP131AAF3, STM32MP131AAG3, STM32MP131CAE3, STM32MP131CAF3, STM32MP131CAG3, STM32MP131DAE7, STM32MP131DAF7, STM32MP131DAG7, STM32MP131FAE7, STM32MP131FAF7, STM32MP131FAG7, STM32MP133AAE3, STM32MP133AAF3, STM32MP133AAG3, STM32MP133CAE3, STM32MP133CAF3, STM32MP133CAG3, STM32MP133DAE7, STM32MP133DAF7, STM32MP133DAG7, STM32MP133FAE7, STM32MP133FAF7, STM32MP133FAG7, STM32MP135AAE3, STM32MP135AAF3, STM32MP135AAG3, STM32MP135CAE3, STM32MP135CAF3, STM32MP135CAG3, STM32MP135DAE7, STM32MP135DAF7, STM32MP135DAG7, STM32MP135F-DK, STM32MP135FAE7, STM32MP135FAF7, STM32MP135FAG7, STM32U595ZJT6Q, STM32U599BJY6QTR, STM32U599NIH6Q, STM32U599NJH6Q, STM32U5A5ZJT6Q, STM32U5A9BJY6QTR, STM32U5A9NJH6Q, STM32WB1MMCH6]
2023-07-09 21:10:49,561 [INFO] DbMcus:215 - Found 3542 MCUs, 3542 are supported
2023-07-09 21:10:49,564 [INFO] ApiDb:418 - Load user favorites file C:\Users\71492/.stm32cubeide/favorites.mcus.txt: 0 item(s)
2023-07-09 21:10:49,564 [INFO] ApiDb:422 - User favorites MCUs=[]
2023-07-09 21:10:49,564 [INFO] DbMcus:221 - Set 0 / 0 favorites MCUs
2023-07-09 21:10:49,575 [WARN] ThirdParty:789 - waiting for thirdparty lock release [change project]
2023-07-09 21:10:49,575 [INFO] ThirdParty:791 - entering critical section [change project]
2023-07-09 21:10:49,575 [INFO] ThirdParty:981 - CMSIS Pack Vendor :STMicroelectronics X-CUBE-ISPU 1.1.0
2023-07-09 21:10:49,575 [INFO] ThirdParty:981 - CMSIS Pack Vendor :RoweBots I-CUBE-UNISONRTOS 5.5.0-4
2023-07-09 21:10:49,575 [INFO] ThirdParty:981 - CMSIS Pack Vendor :STMicroelectronics X-CUBE-GNSS1 6.0.0
2023-07-09 21:10:49,575 [INFO] ThirdParty:981 - CMSIS Pack Vendor :STMicroelectronics X-CUBE-AZRTOS-H7 2.1.0
2023-07-09 21:10:49,575 [INFO] ThirdParty:981 - CMSIS Pack Vendor :STMicroelectronics USB_HOST 2.0.0
2023-07-09 21:10:49,575 [INFO] ThirdParty:981 - CMSIS Pack Vendor :STMicroelectronics X-CUBE-AZRTOS-F4 1.1.0
2023-07-09 21:10:49,575 [INFO] ThirdParty:981 - CMSIS Pack Vendor :STMicroelectronics LIBJPEG 8.0.0
2023-07-09 21:10:49,575 [INFO] ThirdParty:981 - CMSIS Pack Vendor :STMicroelectronics X-CUBE-SMBUS 2.1.0
2023-07-09 21:10:49,575 [INFO] ThirdParty:981 - CMSIS Pack Vendor :STMicroelectronics USB_DEVICE 3.0.0
2023-07-09 21:10:49,575 [INFO] ThirdParty:981 - CMSIS Pack Vendor :STMicroelectronics X-CUBE-AI 8.0.0
2023-07-09 21:10:49,575 [INFO] ThirdParty:981 - CMSIS Pack Vendor :STMicroelectronics X-CUBE-FREERTOS 1.0.0
2023-07-09 21:10:49,575 [INFO] ThirdParty:981 - CMSIS Pack Vendor :STMicroelectronics X-CUBE-FREERTOS 1.0.1
2023-07-09 21:10:49,576 [INFO] ThirdParty:981 - CMSIS Pack Vendor :STMicroelectronics X-CUBE-TOUCHGFX 4.21.0
2023-07-09 21:10:49,576 [INFO] ThirdParty:981 - CMSIS Pack Vendor :STMicroelectronics X-CUBE-TOUCHGFX 4.21.3
2023-07-09 21:10:49,576 [INFO] ThirdParty:981 - CMSIS Pack Vendor :STMicroelectronics X-CUBE-BLEMGR 1.0.0
2023-07-09 21:10:49,576 [INFO] ThirdParty:981 - CMSIS Pack Vendor :STMicroelectronics X-CUBE-BLEMGR 1.2.0
2023-07-09 21:10:49,576 [INFO] ThirdParty:981 - CMSIS Pack Vendor :STMicroelectronics X-CUBE-AZRTOS-F7 1.1.0
2023-07-09 21:10:49,576 [INFO] ThirdParty:981 - CMSIS Pack Vendor :STMicroelectronics X-CUBE-MEMS1 9.4.0
2023-07-09 21:10:49,576 [INFO] ThirdParty:981 - CMSIS Pack Vendor :STMicroelectronics USB_DEVICE 2.0.0
2023-07-09 21:10:49,576 [INFO] ThirdParty:981 - CMSIS Pack Vendor :STMicroelectronics X-CUBE-MEMS1 9.6.0
2023-07-09 21:10:49,577 [INFO] ThirdParty:981 - CMSIS Pack Vendor :STMicroelectronics X-CUBE-AI 7.3.0
2023-07-09 21:10:49,577 [INFO] ThirdParty:981 - CMSIS Pack Vendor :STMicroelectronics FP-SNS-MOTENV1 4.3.2
2023-07-09 21:10:49,577 [INFO] ThirdParty:981 - CMSIS Pack Vendor :STMicroelectronics FP-SNS-FLIGHT1 5.0.1
2023-07-09 21:10:49,577 [INFO] ThirdParty:981 - CMSIS Pack Vendor :STMicroelectronics X-CUBE-BLE1 6.2.3
2023-07-09 21:10:49,577 [INFO] ThirdParty:981 - CMSIS Pack Vendor :STMicroelectronics X-CUBE-ALGOBUILD 1.3.0
2023-07-09 21:10:49,577 [INFO] ThirdParty:981 - CMSIS Pack Vendor :STMicroelectronics X-CUBE-BLE1 6.2.4
2023-07-09 21:10:49,578 [INFO] ThirdParty:981 - CMSIS Pack Vendor :STMicroelectronics X-CUBE-AZRTOS-L5 1.1.0
2023-07-09 21:10:49,578 [INFO] ThirdParty:981 - CMSIS Pack Vendor :STMicroelectronics FreeRTOS 0.0.1
2023-07-09 21:10:49,578 [INFO] ThirdParty:981 - CMSIS Pack Vendor :STMicroelectronics X-CUBE-AZRTOS-G0 1.1.0
2023-07-09 21:10:49,578 [INFO] ThirdParty:981 - CMSIS Pack Vendor :STMicroelectronics X-CUBE-BLEMGR 2.0.0
2023-07-09 21:10:49,578 [INFO] ThirdParty:981 - CMSIS Pack Vendor :STMicroelectronics X-CUBE-AI 8.0.1
2023-07-09 21:10:49,578 [INFO] ThirdParty:981 - CMSIS Pack Vendor :STMicroelectronics X-CUBE-SUBG2 5.0.0
2023-07-09 21:10:49,578 [INFO] ThirdParty:981 - CMSIS Pack Vendor :STMicroelectronics X-CUBE-NFC4 3.0.0
2023-07-09 21:10:49,579 [INFO] ThirdParty:981 - CMSIS Pack Vendor :SEGGER I-CUBE-embOS 1.2.0
2023-07-09 21:10:49,579 [INFO] ThirdParty:981 - CMSIS Pack Vendor :STMicroelectronics STM32_WPAN 1.0.0
2023-07-09 21:10:49,579 [INFO] ThirdParty:981 - CMSIS Pack Vendor :STMicroelectronics lwIP 2.0.3
2023-07-09 21:10:49,579 [INFO] ThirdParty:981 - CMSIS Pack Vendor :STMicroelectronics X-CUBE-NFC4 2.0.5
2023-07-09 21:10:49,579 [INFO] ThirdParty:981 - CMSIS Pack Vendor :STMicroelectronics X-CUBE-NFC4 2.0.4
2023-07-09 21:10:49,579 [INFO] ThirdParty:981 - CMSIS Pack Vendor :STMicroelectronics USB_HOST 1.0.0
2023-07-09 21:10:49,579 [INFO] ThirdParty:981 - CMSIS Pack Vendor :STMicroelectronics X-CUBE-AZRTOS-G4 2.0.0
2023-07-09 21:10:49,579 [INFO] ThirdParty:981 - CMSIS Pack Vendor :STMicroelectronics PDM2PCM 3.1.0
2023-07-09 21:10:49,579 [INFO] ThirdParty:981 - CMSIS Pack Vendor :STMicroelectronics X-CUBE-AZRTOS-H7 3.1.0
2023-07-09 21:10:49,580 [INFO] ThirdParty:981 - CMSIS Pack Vendor :STMicroelectronics X-CUBE-TOF1 3.3.0
2023-07-09 21:10:49,580 [INFO] ThirdParty:981 - CMSIS Pack Vendor :STMicroelectronics FP-ATR-ASTRA1 1.1.1
2023-07-09 21:10:49,580 [INFO] ThirdParty:981 - CMSIS Pack Vendor :STMicroelectronics PDM2PCM 3.3.0
2023-07-09 21:10:49,580 [INFO] ThirdParty:981 - CMSIS Pack Vendor :STMicroelectronics X-CUBE-TOF1 3.1.0
2023-07-09 21:10:49,580 [INFO] ThirdParty:981 - CMSIS Pack Vendor :STMicroelectronics X-CUBE-DISPLAY 3.0.0
2023-07-09 21:10:49,580 [INFO] ThirdParty:981 - CMSIS Pack Vendor :STMicroelectronics X-CUBE-BLEMGR 1.3.0
2023-07-09 21:10:49,580 [INFO] ThirdParty:981 - CMSIS Pack Vendor :STMicroelectronics X-CUBE-AZRTOS-G4 1.0.0
2023-07-09 21:10:49,580 [INFO] ThirdParty:981 - CMSIS Pack Vendor :STMicroelectronics FP-ATR-SIGFOX1 3.2.0
2023-07-09 21:10:49,580 [INFO] ThirdParty:981 - CMSIS Pack Vendor :STMicroelectronics X-CUBE-AZRTOS-L4 1.0.0
2023-07-09 21:10:49,580 [INFO] ThirdParty:981 - CMSIS Pack Vendor :wolfSSL I-CUBE-wolfSSL 5.5.0
2023-07-09 21:10:49,580 [INFO] ThirdParty:981 - CMSIS Pack Vendor :STMicroelectronics HAL Drivers 0.0.0
2023-07-09 21:10:49,581 [INFO] ThirdParty:981 - CMSIS Pack Vendor :STMicroelectronics MBEDTLS 2.16.2
2023-07-09 21:10:49,581 [INFO] ThirdParty:981 - CMSIS Pack Vendor :emotas I-CUBE-CANOPEN 1.1.2
2023-07-09 21:10:49,581 [INFO] ThirdParty:981 - CMSIS Pack Vendor :STMicroelectronics X-CUBE-TOUCHGFX 4.20.0
2023-07-09 21:10:49,581 [INFO] ThirdParty:981 - CMSIS Pack Vendor :STMicroelectronics X-CUBE-TOUCHGFX 4.22.0
2023-07-09 21:10:49,581 [INFO] ThirdParty:981 - CMSIS Pack Vendor :STMicroelectronics X-CUBE-NFC7 1.0.1
2023-07-09 21:10:49,581 [INFO] ThirdParty:981 - CMSIS Pack Vendor :STMicroelectronics MBEDTLS 2.14.1
2023-07-09 21:10:49,581 [INFO] ThirdParty:981 - CMSIS Pack Vendor :STMicroelectronics X-CUBE-NFC7 1.0.0
2023-07-09 21:10:49,581 [INFO] ThirdParty:981 - CMSIS Pack Vendor :STMicroelectronics X-CUBE-AZRTOS-WL 1.0.0
2023-07-09 21:10:49,582 [INFO] ThirdParty:981 - CMSIS Pack Vendor :STMicroelectronics X-CUBE-MEMS1 9.3.0
2023-07-09 21:10:49,582 [INFO] ThirdParty:981 - CMSIS Pack Vendor :STMicroelectronics X-CUBE-EEPRMA1 4.1.0
2023-07-09 21:10:49,582 [INFO] ThirdParty:981 - CMSIS Pack Vendor :portGmbH I-Cube-SoM-uGOAL 1.1.0
2023-07-09 21:10:49,582 [INFO] ThirdParty:981 - CMSIS Pack Vendor :STMicroelectronics X-CUBE-ALS 1.0.1
2023-07-09 21:10:49,582 [INFO] ThirdParty:981 - CMSIS Pack Vendor :STMicroelectronics X-CUBE-AI 7.2.0
2023-07-09 21:10:49,582 [INFO] ThirdParty:981 - CMSIS Pack Vendor :STMicroelectronics X-CUBE-MEMS1 9.5.0
2023-07-09 21:10:49,582 [INFO] ThirdParty:981 - CMSIS Pack Vendor :STMicroelectronics ThreadX 1.0.0
2023-07-09 21:10:49,582 [INFO] ThirdParty:981 - CMSIS Pack Vendor :STMicroelectronics X-CUBE-AZRTOS-WB 1.1.0
2023-07-09 21:10:49,582 [INFO] ThirdParty:981 - CMSIS Pack Vendor :STMicroelectronics X-CUBE-AZRTOS-WL 2.0.0
2023-07-09 21:10:49,582 [INFO] ThirdParty:981 - CMSIS Pack Vendor :SEGGER I-CUBE-embOS 1.3.1
2023-07-09 21:10:49,582 [INFO] ThirdParty:981 - CMSIS Pack Vendor :STMicroelectronics X-CUBE-AZRTOS-L5 1.0.0
2023-07-09 21:10:49,582 [INFO] ThirdParty:981 - CMSIS Pack Vendor :STMicroelectronics USB_DEVICE 1.0.0
2023-07-09 21:10:49,582 [INFO] ThirdParty:981 - CMSIS Pack Vendor :STMicroelectronics X-CUBE-EEPRMA1 3.1.1
2023-07-09 21:10:49,582 [INFO] ThirdParty:981 - CMSIS Pack Vendor :STMicroelectronics X-CUBE-AZRTOS-L4 2.0.0
2023-07-09 21:10:49,582 [INFO] ThirdParty:981 - CMSIS Pack Vendor :STMicroelectronics ThreadX 0.0.2
2023-07-09 21:10:49,582 [INFO] ThirdParty:981 - CMSIS Pack Vendor :WES I-CUBE-Cesium 1.3.0
2023-07-09 21:10:49,582 [INFO] ThirdParty:981 - CMSIS Pack Vendor :STMicroelectronics FP-ATR-ASTRA1 2.0.0
2023-07-09 21:10:49,582 [INFO] ThirdParty:981 - CMSIS Pack Vendor :STMicroelectronics lwIP 2.1.2
2023-07-09 21:10:49,583 [INFO] ThirdParty:981 - CMSIS Pack Vendor :STMicroelectronics X-CUBE-SFXS2LP1 4.0.0
2023-07-09 21:10:49,583 [INFO] ThirdParty:981 - CMSIS Pack Vendor :STMicroelectronics X-CUBE-BLE2 3.3.0
2023-07-09 21:10:49,583 [INFO] ThirdParty:981 - CMSIS Pack Vendor :STMicroelectronics X-CUBE-DISPLAY 2.2.0
2023-07-09 21:10:49,583 [INFO] ThirdParty:981 - CMSIS Pack Vendor :STMicroelectronics X-CUBE-TOF1 3.2.0
2023-07-09 21:10:49,583 [INFO] ThirdParty:981 - CMSIS Pack Vendor :STMicroelectronics PDM2PCM 3.2.0
2023-07-09 21:10:49,583 [INFO] ThirdParty:981 - CMSIS Pack Vendor :STMicroelectronics X-CUBE-AZRTOS-H7 3.0.0
2023-07-09 21:10:49,583 [INFO] ThirdParty:981 - CMSIS Pack Vendor :STMicroelectronics X-CUBE-ISPU 1.0.0
2023-07-09 21:10:49,583 [INFO] ThirdParty:797 - exiting critical section [change project]
2023-07-09 21:10:50,327 [INFO] PinOutPanel:1468 - setPackage(No Configuration,No Configuration)
2023-07-09 21:10:50,329 [INFO] PinOutPanel:1468 - setPackage(STM32F407ZGTx,LQFP144)
2023-07-09 21:10:51,090 [INFO] UtilMem:74 - Before build in PCC Used Memory: 287646880 Bytes (586153984)
2023-07-09 21:10:51,902 [INFO] UtilMem:74 - After build in PCC Used Memory: 457516192 Bytes (586153984)
2023-07-09 21:10:51,934 [INFO] IPUIPlugin:79 - create IPUIPlugin
2023-07-09 21:10:51,934 [INFO] IPUIPlugin:79 - create IPUIPlugin
2023-07-09 21:10:51,934 [INFO] IPUIPlugin:79 - create IPUIPlugin
2023-07-09 21:10:51,934 [INFO] IPUIPlugin:79 - create IPUIPlugin
2023-07-09 21:10:51,934 [INFO] IPUIPlugin:79 - create IPUIPlugin
2023-07-09 21:10:51,935 [INFO] IPUIPlugin:79 - create IPUIPlugin
2023-07-09 21:10:51,935 [INFO] IPUIPlugin:79 - create IPUIPlugin
2023-07-09 21:10:51,935 [INFO] IPUIPlugin:79 - create IPUIPlugin
2023-07-09 21:10:51,935 [INFO] IPUIPlugin:79 - create IPUIPlugin
2023-07-09 21:10:51,935 [INFO] IPUIPlugin:79 - create IPUIPlugin
2023-07-09 21:10:51,935 [INFO] IPUIPlugin:79 - create IPUIPlugin
2023-07-09 21:10:51,936 [INFO] IPUIPlugin:79 - create IPUIPlugin
2023-07-09 21:10:51,936 [INFO] IPUIPlugin:79 - create IPUIPlugin
2023-07-09 21:10:51,936 [INFO] IPUIPlugin:79 - create IPUIPlugin
2023-07-09 21:10:51,936 [INFO] IPUIPlugin:79 - create IPUIPlugin
2023-07-09 21:10:51,936 [INFO] IPUIPlugin:79 - create IPUIPlugin
2023-07-09 21:10:51,936 [INFO] IPUIPlugin:79 - create IPUIPlugin
2023-07-09 21:10:51,937 [INFO] IPUIPlugin:79 - create IPUIPlugin
2023-07-09 21:10:51,937 [INFO] IPUIPlugin:79 - create IPUIPlugin
2023-07-09 21:10:51,937 [INFO] IPUIPlugin:79 - create IPUIPlugin
2023-07-09 21:10:51,938 [INFO] IPUIPlugin:79 - create IPUIPlugin
2023-07-09 21:10:51,938 [INFO] IPUIPlugin:79 - create IPUIPlugin
2023-07-09 21:10:51,938 [INFO] IPUIPlugin:79 - create IPUIPlugin
2023-07-09 21:10:51,938 [INFO] IPUIPlugin:79 - create IPUIPlugin
2023-07-09 21:10:51,938 [INFO] IPUIPlugin:79 - create IPUIPlugin
2023-07-09 21:10:51,939 [INFO] IPUIPlugin:79 - create IPUIPlugin
2023-07-09 21:10:51,939 [INFO] IPUIPlugin:79 - create IPUIPlugin
2023-07-09 21:10:51,939 [INFO] IPUIPlugin:79 - create IPUIPlugin
2023-07-09 21:10:51,940 [INFO] IPUIPlugin:79 - create IPUIPlugin
2023-07-09 21:10:51,940 [INFO] IPUIPlugin:79 - create IPUIPlugin
2023-07-09 21:10:51,940 [INFO] IPUIPlugin:79 - create IPUIPlugin
2023-07-09 21:10:51,940 [INFO] IPUIPlugin:79 - create IPUIPlugin
2023-07-09 21:10:51,940 [INFO] IPUIPlugin:79 - create IPUIPlugin
2023-07-09 21:10:51,941 [INFO] IPUIPlugin:79 - create IPUIPlugin
2023-07-09 21:10:51,941 [INFO] IPUIPlugin:79 - create IPUIPlugin
2023-07-09 21:10:51,941 [INFO] IPUIPlugin:79 - create IPUIPlugin
2023-07-09 21:10:51,941 [INFO] IPUIPlugin:79 - create IPUIPlugin
2023-07-09 21:10:51,942 [INFO] IPUIPlugin:79 - create IPUIPlugin
2023-07-09 21:10:51,942 [INFO] IPUIPlugin:79 - create IPUIPlugin
2023-07-09 21:10:51,942 [INFO] IPUIPlugin:79 - create IPUIPlugin
2023-07-09 21:10:51,942 [INFO] IPUIPlugin:79 - create IPUIPlugin
2023-07-09 21:10:51,943 [INFO] IPUIPlugin:79 - create IPUIPlugin
2023-07-09 21:10:51,943 [INFO] IPUIPlugin:79 - create IPUIPlugin
2023-07-09 21:10:51,943 [INFO] IPUIPlugin:79 - create IPUIPlugin
2023-07-09 21:10:51,944 [INFO] IPUIPlugin:79 - create IPUIPlugin
2023-07-09 21:10:51,944 [INFO] IPUIPlugin:79 - create IPUIPlugin
2023-07-09 21:10:51,944 [INFO] IPUIPlugin:79 - create IPUIPlugin
2023-07-09 21:10:51,944 [INFO] IPUIPlugin:79 - create IPUIPlugin
2023-07-09 21:10:51,945 [INFO] IPUIPlugin:79 - create IPUIPlugin
2023-07-09 21:10:51,945 [INFO] IPUIPlugin:79 - create IPUIPlugin
2023-07-09 21:10:51,945 [INFO] IPUIPlugin:79 - create IPUIPlugin
2023-07-09 21:10:51,946 [INFO] IPUIPlugin:79 - create IPUIPlugin
2023-07-09 21:10:51,946 [INFO] IPUIPlugin:79 - create IPUIPlugin
2023-07-09 21:10:51,947 [INFO] IPUIPlugin:79 - create IPUIPlugin
2023-07-09 21:10:51,947 [INFO] IPUIPlugin:79 - create IPUIPlugin
2023-07-09 21:10:51,948 [INFO] IPUIPlugin:79 - create IPUIPlugin
2023-07-09 21:10:51,948 [INFO] IPUIPlugin:79 - create IPUIPlugin
2023-07-09 21:10:51,948 [INFO] IPUIPlugin:79 - create IPUIPlugin
2023-07-09 21:10:52,021 [INFO] ApiDbMcu:505 - Load IP Config File for PDM2PCM
2023-07-09 21:10:52,033 [WARN] IP:2111 - I2C_Coeff_DF not found: check if there is a RefParameter without a condition.
2023-07-09 21:10:52,034 [WARN] IP:2111 - Analog_Filter not found: check if there is a RefParameter without a condition.
2023-07-09 21:10:52,278 [INFO] OpenFileManager:327 - Restore cursor
2023-07-09 21:10:52,368 [WARN] IP:2111 - I2C_Coeff_DF not found: check if there is a RefParameter without a condition.
2023-07-09 21:10:52,369 [WARN] IP:2111 - Analog_Filter not found: check if there is a RefParameter without a condition.
2023-07-09 21:10:52,369 [WARN] IP:2111 - I2C_Coeff_DF not found: check if there is a RefParameter without a condition.
2023-07-09 21:10:52,369 [WARN] IP:2111 - Analog_Filter not found: check if there is a RefParameter without a condition.
