21:22:27 **** Incremental Build of configuration Debug for project Demo17_1EEPROM ****
make -j12 all 
arm-none-eabi-gcc "../Core/Src/main.c" -mcpu=cortex-m4 -std=gnu11 -g3 -DDEBUG -DUSE_HAL_DRIVER -DSTM32F407xx -c -I../Core/Inc -I../Drivers/STM32F4xx_HAL_Driver/Inc -I../Drivers/STM32F4xx_HAL_Driver/Inc/Legacy -I../Drivers/CMSIS/Device/ST/STM32F4xx/Include -I../Drivers/CMSIS/Include -I../Drivers/BSP/Inc -O0 -ffunction-sections -fdata-sections -Wall -fstack-usage -MMD -MP -MF"Core/Src/main.d" -MT"Core/Src/main.o" --specs=nano.specs -mfpu=fpv4-sp-d16 -mfloat-abi=hard -mthumb -o "Core/Src/main.o"
../Core/Src/main.c: In function 'main':
../Core/Src/main.c:122:15: warning: pointer targets in passing argument 1 of 'sprintf' differ in signedness [-Wpointer-sign]
  122 |       sprintf(infoStr, "Write %d at Address %d\0", num1, addr_any);
      |               ^~~~~~~
      |               |
      |               uint8_t * {aka unsigned char *}
In file included from ../Core/Src/main.c:30:
c:\program files\stmicroelectronics\stm32cube\stm32cubeide_1.10.1\stm32cubeide\plugins\com.st.stm32cube.ide.mcu.externaltools.gnu-tools-for-stm32.10.3-2021.10.win32_1.0.0.202111181127\tools\bin\../lib/gcc/arm-none-eabi/10.3.1/../../../../arm-none-eabi/include/stdio.h:244:14: note: expected 'char * restrict' but argument is of type 'uint8_t *' {aka 'unsigned char *'}
  244 | int sprintf (char *__restrict, const char *__restrict, ...)
      |              ^
../Core/Src/main.c:122:47: warning: embedded '\0' in format [-Wformat-contains-nul]
  122 |       sprintf(infoStr, "Write %d at Address %d\0", num1, addr_any);
      |                                               ^~
../Core/Src/main.c:123:42: warning: pointer targets in passing argument 4 of 'lcd_show_str' differ in signedness [-Wpointer-sign]
  123 |       lcd_show_str(10, 10 * 30 + 10, 24, infoStr, RED);
      |                                          ^~~~~~~
      |                                          |
      |                                          uint8_t * {aka unsigned char *}
In file included from ../Core/Src/main.c:27:
../Drivers/BSP/Inc/lcd.h:236:63: note: expected 'char *' but argument is of type 'uint8_t *' {aka 'unsigned char *'}
  236 | void lcd_show_str(uint16_t x, uint16_t y, uint8_t size, char *p, uint16_t color);
      |                                                         ~~~~~~^
../Core/Src/main.c:129:15: warning: pointer targets in passing argument 1 of 'sprintf' differ in signedness [-Wpointer-sign]
  129 |       sprintf(infoStr, "Read out %d at Address %d\0", num2, addr_any);
      |               ^~~~~~~
      |               |
      |               uint8_t * {aka unsigned char *}
In file included from ../Core/Src/main.c:30:
c:\program files\stmicroelectronics\stm32cube\stm32cubeide_1.10.1\stm32cubeide\plugins\com.st.stm32cube.ide.mcu.externaltools.gnu-tools-for-stm32.10.3-2021.10.win32_1.0.0.202111181127\tools\bin\../lib/gcc/arm-none-eabi/10.3.1/../../../../arm-none-eabi/include/stdio.h:244:14: note: expected 'char * restrict' but argument is of type 'uint8_t *' {aka 'unsigned char *'}
  244 | int sprintf (char *__restrict, const char *__restrict, ...)
      |              ^
../Core/Src/main.c:129:50: warning: embedded '\0' in format [-Wformat-contains-nul]
  129 |       sprintf(infoStr, "Read out %d at Address %d\0", num2, addr_any);
      |                                                  ^~
../Core/Src/main.c:130:42: warning: pointer targets in passing argument 4 of 'lcd_show_str' differ in signedness [-Wpointer-sign]
  130 |       lcd_show_str(10, 10 * 30 + 10, 24, infoStr, RED);
      |                                          ^~~~~~~
      |                                          |
      |                                          uint8_t * {aka unsigned char *}
In file included from ../Core/Src/main.c:27:
../Drivers/BSP/Inc/lcd.h:236:63: note: expected 'char *' but argument is of type 'uint8_t *' {aka 'unsigned char *'}
  236 | void lcd_show_str(uint16_t x, uint16_t y, uint8_t size, char *p, uint16_t color);
      |                                                         ~~~~~~^
../Core/Src/main.c:139:42: warning: pointer targets in passing argument 4 of 'lcd_show_str' differ in signedness [-Wpointer-sign]
  139 |       lcd_show_str(10, 11 * 30 + 10, 24, strIn, RED);
      |                                          ^~~~~
      |                                          |
      |                                          uint8_t * {aka unsigned char *}
In file included from ../Core/Src/main.c:27:
../Drivers/BSP/Inc/lcd.h:236:63: note: expected 'char *' but argument is of type 'uint8_t *' {aka 'unsigned char *'}
  236 | void lcd_show_str(uint16_t x, uint16_t y, uint8_t size, char *p, uint16_t color);
      |                                                         ~~~~~~^
../Core/Src/main.c:149:42: warning: pointer targets in passing argument 4 of 'lcd_show_str' differ in signedness [-Wpointer-sign]
  149 |       lcd_show_str(10, 11 * 30 + 10, 24, strOut, RED);
      |                                          ^~~~~~
      |                                          |
      |                                          uint8_t * {aka unsigned char *}
In file included from ../Core/Src/main.c:27:
../Drivers/BSP/Inc/lcd.h:236:63: note: expected 'char *' but argument is of type 'uint8_t *' {aka 'unsigned char *'}
  236 | void lcd_show_str(uint16_t x, uint16_t y, uint8_t size, char *p, uint16_t color);
      |                                                         ~~~~~~^
../Core/Src/main.c:118:4: warning: enumeration value 'KEY_NONE' not handled in switch [-Wswitch]
  118 |    switch (curKey) {
      |    ^~~~~~
arm-none-eabi-gcc -o "Demo17_1EEPROM.elf" @"objects.list"   -mcpu=cortex-m4 -T"E:\__CubeMX__\Demo17_1EEPROM\Demo17_1EEPROM\STM32F407ZGTX_FLASH.ld" --specs=nosys.specs -Wl,-Map="Demo17_1EEPROM.map" -Wl,--gc-sections -static --specs=nano.specs -mfpu=fpv4-sp-d16 -mfloat-abi=hard -mthumb -Wl,--start-group -lc -lm -Wl,--end-group
Finished building target: Demo17_1EEPROM.elf
 
arm-none-eabi-size   Demo17_1EEPROM.elf 
arm-none-eabi-objdump -h -S  Demo17_1EEPROM.elf  > "Demo17_1EEPROM.list"
   text	   data	    bss	    dec	    hex	filename
  42776	    124	   1852	  44752	   aed0	Demo17_1EEPROM.elf
Finished building: default.size.stdout
 
Finished building: Demo17_1EEPROM.list
 

21:22:28 Build Finished. 0 errors, 9 warnings. (took 1s.175ms)

