21:28:25 **** Incremental Build of configuration Debug for project Demo18_1Poll ****
make -j12 all 
arm-none-eabi-gcc "../User/Src/user_can.c" -mcpu=cortex-m4 -std=gnu11 -g3 -DDEBUG -DUSE_HAL_DRIVER -DSTM32F407xx -c -I../Core/Inc -I../Drivers/STM32F4xx_HAL_Driver/Inc -I../Drivers/STM32F4xx_HAL_Driver/Inc/Legacy -I../Drivers/CMSIS/Device/ST/STM32F4xx/Include -I../Drivers/CMSIS/Include -I../Drivers/BSP/Inc -I../User/Inc -O0 -ffunction-sections -fdata-sections -Wall -fstack-usage -MMD -MP -MF"User/Src/user_can.d" -MT"User/Src/user_can.o" --specs=nano.specs -mfpu=fpv4-sp-d16 -mfloat-abi=hard -mthumb -o "User/Src/user_can.o"
arm-none-eabi-gcc "../Drivers/STM32F4xx_HAL_Driver/Src/stm32f4xx_hal.c" -mcpu=cortex-m4 -std=gnu11 -g3 -DDEBUG -DUSE_HAL_DRIVER -DSTM32F407xx -c -I../Core/Inc -I../Drivers/STM32F4xx_HAL_Driver/Inc -I../Drivers/STM32F4xx_HAL_Driver/Inc/Legacy -I../Drivers/CMSIS/Device/ST/STM32F4xx/Include -I../Drivers/CMSIS/Include -I../Drivers/BSP/Inc -I../User/Inc -O0 -ffunction-sections -fdata-sections -Wall -fstack-usage -MMD -MP -MF"Drivers/STM32F4xx_HAL_Driver/Src/stm32f4xx_hal.d" -MT"Drivers/STM32F4xx_HAL_Driver/Src/stm32f4xx_hal.o" --specs=nano.specs -mfpu=fpv4-sp-d16 -mfloat-abi=hard -mthumb -o "Drivers/STM32F4xx_HAL_Driver/Src/stm32f4xx_hal.o"
arm-none-eabi-gcc "../Drivers/STM32F4xx_HAL_Driver/Src/stm32f4xx_hal_can.c" -mcpu=cortex-m4 -std=gnu11 -g3 -DDEBUG -DUSE_HAL_DRIVER -DSTM32F407xx -c -I../Core/Inc -I../Drivers/STM32F4xx_HAL_Driver/Inc -I../Drivers/STM32F4xx_HAL_Driver/Inc/Legacy -I../Drivers/CMSIS/Device/ST/STM32F4xx/Include -I../Drivers/CMSIS/Include -I../Drivers/BSP/Inc -I../User/Inc -O0 -ffunction-sections -fdata-sections -Wall -fstack-usage -MMD -MP -MF"Drivers/STM32F4xx_HAL_Driver/Src/stm32f4xx_hal_can.d" -MT"Drivers/STM32F4xx_HAL_Driver/Src/stm32f4xx_hal_can.o" --specs=nano.specs -mfpu=fpv4-sp-d16 -mfloat-abi=hard -mthumb -o "Drivers/STM32F4xx_HAL_Driver/Src/stm32f4xx_hal_can.o"
arm-none-eabi-gcc "../Drivers/STM32F4xx_HAL_Driver/Src/stm32f4xx_hal_cortex.c" -mcpu=cortex-m4 -std=gnu11 -g3 -DDEBUG -DUSE_HAL_DRIVER -DSTM32F407xx -c -I../Core/Inc -I../Drivers/STM32F4xx_HAL_Driver/Inc -I../Drivers/STM32F4xx_HAL_Driver/Inc/Legacy -I../Drivers/CMSIS/Device/ST/STM32F4xx/Include -I../Drivers/CMSIS/Include -I../Drivers/BSP/Inc -I../User/Inc -O0 -ffunction-sections -fdata-sections -Wall -fstack-usage -MMD -MP -MF"Drivers/STM32F4xx_HAL_Driver/Src/stm32f4xx_hal_cortex.d" -MT"Drivers/STM32F4xx_HAL_Driver/Src/stm32f4xx_hal_cortex.o" --specs=nano.specs -mfpu=fpv4-sp-d16 -mfloat-abi=hard -mthumb -o "Drivers/STM32F4xx_HAL_Driver/Src/stm32f4xx_hal_cortex.o"
arm-none-eabi-gcc "../Drivers/STM32F4xx_HAL_Driver/Src/stm32f4xx_hal_dma.c" -mcpu=cortex-m4 -std=gnu11 -g3 -DDEBUG -DUSE_HAL_DRIVER -DSTM32F407xx -c -I../Core/Inc -I../Drivers/STM32F4xx_HAL_Driver/Inc -I../Drivers/STM32F4xx_HAL_Driver/Inc/Legacy -I../Drivers/CMSIS/Device/ST/STM32F4xx/Include -I../Drivers/CMSIS/Include -I../Drivers/BSP/Inc -I../User/Inc -O0 -ffunction-sections -fdata-sections -Wall -fstack-usage -MMD -MP -MF"Drivers/STM32F4xx_HAL_Driver/Src/stm32f4xx_hal_dma.d" -MT"Drivers/STM32F4xx_HAL_Driver/Src/stm32f4xx_hal_dma.o" --specs=nano.specs -mfpu=fpv4-sp-d16 -mfloat-abi=hard -mthumb -o "Drivers/STM32F4xx_HAL_Driver/Src/stm32f4xx_hal_dma.o"
arm-none-eabi-gcc "../Drivers/STM32F4xx_HAL_Driver/Src/stm32f4xx_hal_dma_ex.c" -mcpu=cortex-m4 -std=gnu11 -g3 -DDEBUG -DUSE_HAL_DRIVER -DSTM32F407xx -c -I../Core/Inc -I../Drivers/STM32F4xx_HAL_Driver/Inc -I../Drivers/STM32F4xx_HAL_Driver/Inc/Legacy -I../Drivers/CMSIS/Device/ST/STM32F4xx/Include -I../Drivers/CMSIS/Include -I../Drivers/BSP/Inc -I../User/Inc -O0 -ffunction-sections -fdata-sections -Wall -fstack-usage -MMD -MP -MF"Drivers/STM32F4xx_HAL_Driver/Src/stm32f4xx_hal_dma_ex.d" -MT"Drivers/STM32F4xx_HAL_Driver/Src/stm32f4xx_hal_dma_ex.o" --specs=nano.specs -mfpu=fpv4-sp-d16 -mfloat-abi=hard -mthumb -o "Drivers/STM32F4xx_HAL_Driver/Src/stm32f4xx_hal_dma_ex.o"
arm-none-eabi-gcc "../Drivers/STM32F4xx_HAL_Driver/Src/stm32f4xx_hal_exti.c" -mcpu=cortex-m4 -std=gnu11 -g3 -DDEBUG -DUSE_HAL_DRIVER -DSTM32F407xx -c -I../Core/Inc -I../Drivers/STM32F4xx_HAL_Driver/Inc -I../Drivers/STM32F4xx_HAL_Driver/Inc/Legacy -I../Drivers/CMSIS/Device/ST/STM32F4xx/Include -I../Drivers/CMSIS/Include -I../Drivers/BSP/Inc -I../User/Inc -O0 -ffunction-sections -fdata-sections -Wall -fstack-usage -MMD -MP -MF"Drivers/STM32F4xx_HAL_Driver/Src/stm32f4xx_hal_exti.d" -MT"Drivers/STM32F4xx_HAL_Driver/Src/stm32f4xx_hal_exti.o" --specs=nano.specs -mfpu=fpv4-sp-d16 -mfloat-abi=hard -mthumb -o "Drivers/STM32F4xx_HAL_Driver/Src/stm32f4xx_hal_exti.o"
arm-none-eabi-gcc "../Drivers/STM32F4xx_HAL_Driver/Src/stm32f4xx_hal_flash.c" -mcpu=cortex-m4 -std=gnu11 -g3 -DDEBUG -DUSE_HAL_DRIVER -DSTM32F407xx -c -I../Core/Inc -I../Drivers/STM32F4xx_HAL_Driver/Inc -I../Drivers/STM32F4xx_HAL_Driver/Inc/Legacy -I../Drivers/CMSIS/Device/ST/STM32F4xx/Include -I../Drivers/CMSIS/Include -I../Drivers/BSP/Inc -I../User/Inc -O0 -ffunction-sections -fdata-sections -Wall -fstack-usage -MMD -MP -MF"Drivers/STM32F4xx_HAL_Driver/Src/stm32f4xx_hal_flash.d" -MT"Drivers/STM32F4xx_HAL_Driver/Src/stm32f4xx_hal_flash.o" --specs=nano.specs -mfpu=fpv4-sp-d16 -mfloat-abi=hard -mthumb -o "Drivers/STM32F4xx_HAL_Driver/Src/stm32f4xx_hal_flash.o"
arm-none-eabi-gcc "../Drivers/STM32F4xx_HAL_Driver/Src/stm32f4xx_hal_flash_ex.c" -mcpu=cortex-m4 -std=gnu11 -g3 -DDEBUG -DUSE_HAL_DRIVER -DSTM32F407xx -c -I../Core/Inc -I../Drivers/STM32F4xx_HAL_Driver/Inc -I../Drivers/STM32F4xx_HAL_Driver/Inc/Legacy -I../Drivers/CMSIS/Device/ST/STM32F4xx/Include -I../Drivers/CMSIS/Include -I../Drivers/BSP/Inc -I../User/Inc -O0 -ffunction-sections -fdata-sections -Wall -fstack-usage -MMD -MP -MF"Drivers/STM32F4xx_HAL_Driver/Src/stm32f4xx_hal_flash_ex.d" -MT"Drivers/STM32F4xx_HAL_Driver/Src/stm32f4xx_hal_flash_ex.o" --specs=nano.specs -mfpu=fpv4-sp-d16 -mfloat-abi=hard -mthumb -o "Drivers/STM32F4xx_HAL_Driver/Src/stm32f4xx_hal_flash_ex.o"
arm-none-eabi-gcc "../Drivers/STM32F4xx_HAL_Driver/Src/stm32f4xx_hal_flash_ramfunc.c" -mcpu=cortex-m4 -std=gnu11 -g3 -DDEBUG -DUSE_HAL_DRIVER -DSTM32F407xx -c -I../Core/Inc -I../Drivers/STM32F4xx_HAL_Driver/Inc -I../Drivers/STM32F4xx_HAL_Driver/Inc/Legacy -I../Drivers/CMSIS/Device/ST/STM32F4xx/Include -I../Drivers/CMSIS/Include -I../Drivers/BSP/Inc -I../User/Inc -O0 -ffunction-sections -fdata-sections -Wall -fstack-usage -MMD -MP -MF"Drivers/STM32F4xx_HAL_Driver/Src/stm32f4xx_hal_flash_ramfunc.d" -MT"Drivers/STM32F4xx_HAL_Driver/Src/stm32f4xx_hal_flash_ramfunc.o" --specs=nano.specs -mfpu=fpv4-sp-d16 -mfloat-abi=hard -mthumb -o "Drivers/STM32F4xx_HAL_Driver/Src/stm32f4xx_hal_flash_ramfunc.o"
arm-none-eabi-gcc "../Drivers/STM32F4xx_HAL_Driver/Src/stm32f4xx_hal_gpio.c" -mcpu=cortex-m4 -std=gnu11 -g3 -DDEBUG -DUSE_HAL_DRIVER -DSTM32F407xx -c -I../Core/Inc -I../Drivers/STM32F4xx_HAL_Driver/Inc -I../Drivers/STM32F4xx_HAL_Driver/Inc/Legacy -I../Drivers/CMSIS/Device/ST/STM32F4xx/Include -I../Drivers/CMSIS/Include -I../Drivers/BSP/Inc -I../User/Inc -O0 -ffunction-sections -fdata-sections -Wall -fstack-usage -MMD -MP -MF"Drivers/STM32F4xx_HAL_Driver/Src/stm32f4xx_hal_gpio.d" -MT"Drivers/STM32F4xx_HAL_Driver/Src/stm32f4xx_hal_gpio.o" --specs=nano.specs -mfpu=fpv4-sp-d16 -mfloat-abi=hard -mthumb -o "Drivers/STM32F4xx_HAL_Driver/Src/stm32f4xx_hal_gpio.o"
arm-none-eabi-gcc "../Drivers/STM32F4xx_HAL_Driver/Src/stm32f4xx_hal_pwr.c" -mcpu=cortex-m4 -std=gnu11 -g3 -DDEBUG -DUSE_HAL_DRIVER -DSTM32F407xx -c -I../Core/Inc -I../Drivers/STM32F4xx_HAL_Driver/Inc -I../Drivers/STM32F4xx_HAL_Driver/Inc/Legacy -I../Drivers/CMSIS/Device/ST/STM32F4xx/Include -I../Drivers/CMSIS/Include -I../Drivers/BSP/Inc -I../User/Inc -O0 -ffunction-sections -fdata-sections -Wall -fstack-usage -MMD -MP -MF"Drivers/STM32F4xx_HAL_Driver/Src/stm32f4xx_hal_pwr.d" -MT"Drivers/STM32F4xx_HAL_Driver/Src/stm32f4xx_hal_pwr.o" --specs=nano.specs -mfpu=fpv4-sp-d16 -mfloat-abi=hard -mthumb -o "Drivers/STM32F4xx_HAL_Driver/Src/stm32f4xx_hal_pwr.o"
../User/Src/user_can.c: In function 'CAN_TestPoll':
../User/Src/user_can.c:51:10: warning: pointer targets in passing argument 1 of 'sprintf' differ in signedness [-Wpointer-sign]
   51 |  sprintf(tempStr, "Send MsgID = %d", msgID);
      |          ^~~~~~~
      |          |
      |          uint8_t * {aka unsigned char *}
In file included from ../Core/Inc/main.h:35,
                 from ../User/Inc/user_can.h:11,
                 from ../User/Src/user_can.c:8:
c:\program files\stmicroelectronics\stm32cube\stm32cubeide_1.10.1\stm32cubeide\plugins\com.st.stm32cube.ide.mcu.externaltools.gnu-tools-for-stm32.10.3-2021.10.win32_1.0.0.202111181127\tools\bin\../lib/gcc/arm-none-eabi/10.3.1/../../../../arm-none-eabi/include/stdio.h:244:14: note: expected 'char * restrict' but argument is of type 'uint8_t *' {aka 'unsigned char *'}
  244 | int sprintf (char *__restrict, const char *__restrict, ...)
      |              ^
../User/Src/user_can.c:52:36: warning: pointer targets in passing argument 4 of 'lcd_show_str' differ in signedness [-Wpointer-sign]
   52 |  lcd_show_str(10, 10 + 7 * 30, 24, tempStr, RED);
      |                                    ^~~~~~~
      |                                    |
      |                                    uint8_t * {aka unsigned char *}
In file included from ../Core/Inc/main.h:39,
                 from ../User/Inc/user_can.h:11,
                 from ../User/Src/user_can.c:8:
../Drivers/BSP/Inc/lcd.h:236:63: note: expected 'char *' but argument is of type 'uint8_t *' {aka 'unsigned char *'}
  236 | void lcd_show_str(uint16_t x, uint16_t y, uint8_t size, char *p, uint16_t color);
      |                                                         ~~~~~~^
../User/Src/user_can.c:69:11: warning: pointer targets in passing argument 1 of 'sprintf' differ in signedness [-Wpointer-sign]
   69 |   sprintf(tempStr, "StdID = %d", RxHeader.StdId);
      |           ^~~~~~~
      |           |
      |           uint8_t * {aka unsigned char *}
In file included from ../Core/Inc/main.h:35,
                 from ../User/Inc/user_can.h:11,
                 from ../User/Src/user_can.c:8:
c:\program files\stmicroelectronics\stm32cube\stm32cubeide_1.10.1\stm32cubeide\plugins\com.st.stm32cube.ide.mcu.externaltools.gnu-tools-for-stm32.10.3-2021.10.win32_1.0.0.202111181127\tools\bin\../lib/gcc/arm-none-eabi/10.3.1/../../../../arm-none-eabi/include/stdio.h:244:14: note: expected 'char * restrict' but argument is of type 'uint8_t *' {aka 'unsigned char *'}
  244 | int sprintf (char *__restrict, const char *__restrict, ...)
      |              ^
../User/Src/user_can.c:69:30: warning: format '%d' expects argument of type 'int', but argument 3 has type 'uint32_t' {aka 'long unsigned int'} [-Wformat=]
   69 |   sprintf(tempStr, "StdID = %d", RxHeader.StdId);
      |                             ~^   ~~~~~~~~~~~~~~
      |                              |           |
      |                              int         uint32_t {aka long unsigned int}
      |                             %ld
../User/Src/user_can.c:70:37: warning: pointer targets in passing argument 4 of 'lcd_show_str' differ in signedness [-Wpointer-sign]
   70 |   lcd_show_str(10, 10 + 9 * 30, 24, tempStr, RED);
      |                                     ^~~~~~~
      |                                     |
      |                                     uint8_t * {aka unsigned char *}
In file included from ../Core/Inc/main.h:39,
                 from ../User/Inc/user_can.h:11,
                 from ../User/Src/user_can.c:8:
../Drivers/BSP/Inc/lcd.h:236:63: note: expected 'char *' but argument is of type 'uint8_t *' {aka 'unsigned char *'}
  236 | void lcd_show_str(uint16_t x, uint16_t y, uint8_t size, char *p, uint16_t color);
      |                                                         ~~~~~~^
../User/Src/user_can.c:72:11: warning: pointer targets in passing argument 1 of 'sprintf' differ in signedness [-Wpointer-sign]
   72 |   sprintf(tempStr, "RTR(0=Data, 2=Remote) = %d", RxHeader.RTR);
      |           ^~~~~~~
      |           |
      |           uint8_t * {aka unsigned char *}
In file included from ../Core/Inc/main.h:35,
                 from ../User/Inc/user_can.h:11,
                 from ../User/Src/user_can.c:8:
c:\program files\stmicroelectronics\stm32cube\stm32cubeide_1.10.1\stm32cubeide\plugins\com.st.stm32cube.ide.mcu.externaltools.gnu-tools-for-stm32.10.3-2021.10.win32_1.0.0.202111181127\tools\bin\../lib/gcc/arm-none-eabi/10.3.1/../../../../arm-none-eabi/include/stdio.h:244:14: note: expected 'char * restrict' but argument is of type 'uint8_t *' {aka 'unsigned char *'}
  244 | int sprintf (char *__restrict, const char *__restrict, ...)
      |              ^
../User/Src/user_can.c:72:46: warning: format '%d' expects argument of type 'int', but argument 3 has type 'uint32_t' {aka 'long unsigned int'} [-Wformat=]
   72 |   sprintf(tempStr, "RTR(0=Data, 2=Remote) = %d", RxHeader.RTR);
      |                                             ~^   ~~~~~~~~~~~~
      |                                              |           |
      |                                              int         uint32_t {aka long unsigned int}
      |                                             %ld
../User/Src/user_can.c:73:38: warning: pointer targets in passing argument 4 of 'lcd_show_str' differ in signedness [-Wpointer-sign]
   73 |   lcd_show_str(10, 10 + 10 * 30, 24, tempStr, RED);
      |                                      ^~~~~~~
      |                                      |
      |                                      uint8_t * {aka unsigned char *}
In file included from ../Core/Inc/main.h:39,
                 from ../User/Inc/user_can.h:11,
                 from ../User/Src/user_can.c:8:
../Drivers/BSP/Inc/lcd.h:236:63: note: expected 'char *' but argument is of type 'uint8_t *' {aka 'unsigned char *'}
  236 | void lcd_show_str(uint16_t x, uint16_t y, uint8_t size, char *p, uint16_t color);
      |                                                         ~~~~~~^
../User/Src/user_can.c:75:11: warning: pointer targets in passing argument 1 of 'sprintf' differ in signedness [-Wpointer-sign]
   75 |   sprintf(tempStr, "IDE(0=Std, 4=Ext) = %d", RxHeader.IDE);
      |           ^~~~~~~
      |           |
      |           uint8_t * {aka unsigned char *}
In file included from ../Core/Inc/main.h:35,
                 from ../User/Inc/user_can.h:11,
                 from ../User/Src/user_can.c:8:
c:\program files\stmicroelectronics\stm32cube\stm32cubeide_1.10.1\stm32cubeide\plugins\com.st.stm32cube.ide.mcu.externaltools.gnu-tools-for-stm32.10.3-2021.10.win32_1.0.0.202111181127\tools\bin\../lib/gcc/arm-none-eabi/10.3.1/../../../../arm-none-eabi/include/stdio.h:244:14: note: expected 'char * restrict' but argument is of type 'uint8_t *' {aka 'unsigned char *'}
  244 | int sprintf (char *__restrict, const char *__restrict, ...)
      |              ^
../User/Src/user_can.c:75:42: warning: format '%d' expects argument of type 'int', but argument 3 has type 'uint32_t' {aka 'long unsigned int'} [-Wformat=]
   75 |   sprintf(tempStr, "IDE(0=Std, 4=Ext) = %d", RxHeader.IDE);
      |                                         ~^   ~~~~~~~~~~~~
      |                                          |           |
      |                                          int         uint32_t {aka long unsigned int}
      |                                         %ld
../User/Src/user_can.c:76:38: warning: pointer targets in passing argument 4 of 'lcd_show_str' differ in signedness [-Wpointer-sign]
   76 |   lcd_show_str(10, 10 + 11 * 30, 24, tempStr, RED);
      |                                      ^~~~~~~
      |                                      |
      |                                      uint8_t * {aka unsigned char *}
In file included from ../Core/Inc/main.h:39,
                 from ../User/Inc/user_can.h:11,
                 from ../User/Src/user_can.c:8:
../Drivers/BSP/Inc/lcd.h:236:63: note: expected 'char *' but argument is of type 'uint8_t *' {aka 'unsigned char *'}
  236 | void lcd_show_str(uint16_t x, uint16_t y, uint8_t size, char *p, uint16_t color);
      |                                                         ~~~~~~^
../User/Src/user_can.c:78:11: warning: pointer targets in passing argument 1 of 'sprintf' differ in signedness [-Wpointer-sign]
   78 |   sprintf(tempStr, "DLC(Data Length) = %d", RxHeader.DLC);
      |           ^~~~~~~
      |           |
      |           uint8_t * {aka unsigned char *}
In file included from ../Core/Inc/main.h:35,
                 from ../User/Inc/user_can.h:11,
                 from ../User/Src/user_can.c:8:
c:\program files\stmicroelectronics\stm32cube\stm32cubeide_1.10.1\stm32cubeide\plugins\com.st.stm32cube.ide.mcu.externaltools.gnu-tools-for-stm32.10.3-2021.10.win32_1.0.0.202111181127\tools\bin\../lib/gcc/arm-none-eabi/10.3.1/../../../../arm-none-eabi/include/stdio.h:244:14: note: expected 'char * restrict' but argument is of type 'uint8_t *' {aka 'unsigned char *'}
  244 | int sprintf (char *__restrict, const char *__restrict, ...)
      |              ^
../User/Src/user_can.c:78:41: warning: format '%d' expects argument of type 'int', but argument 3 has type 'uint32_t' {aka 'long unsigned int'} [-Wformat=]
   78 |   sprintf(tempStr, "DLC(Data Length) = %d", RxHeader.DLC);
      |                                        ~^   ~~~~~~~~~~~~
      |                                         |           |
      |                                         int         uint32_t {aka long unsigned int}
      |                                        %ld
../User/Src/user_can.c:79:38: warning: pointer targets in passing argument 4 of 'lcd_show_str' differ in signedness [-Wpointer-sign]
   79 |   lcd_show_str(10, 10 + 12 * 30, 24, tempStr, RED);
      |                                      ^~~~~~~
      |                                      |
      |                                      uint8_t * {aka unsigned char *}
In file included from ../Core/Inc/main.h:39,
                 from ../User/Inc/user_can.h:11,
                 from ../User/Src/user_can.c:8:
../Drivers/BSP/Inc/lcd.h:236:63: note: expected 'char *' but argument is of type 'uint8_t *' {aka 'unsigned char *'}
  236 | void lcd_show_str(uint16_t x, uint16_t y, uint8_t size, char *p, uint16_t color);
      |                                                         ~~~~~~^
../User/Src/user_can.c:82:12: warning: pointer targets in passing argument 1 of 'sprintf' differ in signedness [-Wpointer-sign]
   82 |    sprintf(tempStr, "Data[0] = %d", RxData[0]);
      |            ^~~~~~~
      |            |
      |            uint8_t * {aka unsigned char *}
In file included from ../Core/Inc/main.h:35,
                 from ../User/Inc/user_can.h:11,
                 from ../User/Src/user_can.c:8:
c:\program files\stmicroelectronics\stm32cube\stm32cubeide_1.10.1\stm32cubeide\plugins\com.st.stm32cube.ide.mcu.externaltools.gnu-tools-for-stm32.10.3-2021.10.win32_1.0.0.202111181127\tools\bin\../lib/gcc/arm-none-eabi/10.3.1/../../../../arm-none-eabi/include/stdio.h:244:14: note: expected 'char * restrict' but argument is of type 'uint8_t *' {aka 'unsigned char *'}
  244 | int sprintf (char *__restrict, const char *__restrict, ...)
      |              ^
../User/Src/user_can.c:83:39: warning: pointer targets in passing argument 4 of 'lcd_show_str' differ in signedness [-Wpointer-sign]
   83 |    lcd_show_str(10, 10 + 13 * 30, 24, tempStr, RED);
      |                                       ^~~~~~~
      |                                       |
      |                                       uint8_t * {aka unsigned char *}
In file included from ../Core/Inc/main.h:39,
                 from ../User/Inc/user_can.h:11,
                 from ../User/Src/user_can.c:8:
../Drivers/BSP/Inc/lcd.h:236:63: note: expected 'char *' but argument is of type 'uint8_t *' {aka 'unsigned char *'}
  236 | void lcd_show_str(uint16_t x, uint16_t y, uint8_t size, char *p, uint16_t color);
      |                                                         ~~~~~~^
../User/Src/user_can.c:85:12: warning: pointer targets in passing argument 1 of 'sprintf' differ in signedness [-Wpointer-sign]
   85 |    sprintf(tempStr, "Data[1] = %d", RxData[1]);
      |            ^~~~~~~
      |            |
      |            uint8_t * {aka unsigned char *}
In file included from ../Core/Inc/main.h:35,
                 from ../User/Inc/user_can.h:11,
                 from ../User/Src/user_can.c:8:
c:\program files\stmicroelectronics\stm32cube\stm32cubeide_1.10.1\stm32cubeide\plugins\com.st.stm32cube.ide.mcu.externaltools.gnu-tools-for-stm32.10.3-2021.10.win32_1.0.0.202111181127\tools\bin\../lib/gcc/arm-none-eabi/10.3.1/../../../../arm-none-eabi/include/stdio.h:244:14: note: expected 'char * restrict' but argument is of type 'uint8_t *' {aka 'unsigned char *'}
  244 | int sprintf (char *__restrict, const char *__restrict, ...)
      |              ^
../User/Src/user_can.c:86:39: warning: pointer targets in passing argument 4 of 'lcd_show_str' differ in signedness [-Wpointer-sign]
   86 |    lcd_show_str(10, 10 + 14 * 30, 24, tempStr, RED);
      |                                       ^~~~~~~
      |                                       |
      |                                       uint8_t * {aka unsigned char *}
In file included from ../Core/Inc/main.h:39,
                 from ../User/Inc/user_can.h:11,
                 from ../User/Src/user_can.c:8:
../Drivers/BSP/Inc/lcd.h:236:63: note: expected 'char *' but argument is of type 'uint8_t *' {aka 'unsigned char *'}
  236 | void lcd_show_str(uint16_t x, uint16_t y, uint8_t size, char *p, uint16_t color);
      |                                                         ~~~~~~^
arm-none-eabi-gcc "../Drivers/STM32F4xx_HAL_Driver/Src/stm32f4xx_hal_pwr_ex.c" -mcpu=cortex-m4 -std=gnu11 -g3 -DDEBUG -DUSE_HAL_DRIVER -DSTM32F407xx -c -I../Core/Inc -I../Drivers/STM32F4xx_HAL_Driver/Inc -I../Drivers/STM32F4xx_HAL_Driver/Inc/Legacy -I../Drivers/CMSIS/Device/ST/STM32F4xx/Include -I../Drivers/CMSIS/Include -I../Drivers/BSP/Inc -I../User/Inc -O0 -ffunction-sections -fdata-sections -Wall -fstack-usage -MMD -MP -MF"Drivers/STM32F4xx_HAL_Driver/Src/stm32f4xx_hal_pwr_ex.d" -MT"Drivers/STM32F4xx_HAL_Driver/Src/stm32f4xx_hal_pwr_ex.o" --specs=nano.specs -mfpu=fpv4-sp-d16 -mfloat-abi=hard -mthumb -o "Drivers/STM32F4xx_HAL_Driver/Src/stm32f4xx_hal_pwr_ex.o"
arm-none-eabi-gcc "../Drivers/STM32F4xx_HAL_Driver/Src/stm32f4xx_hal_rcc.c" -mcpu=cortex-m4 -std=gnu11 -g3 -DDEBUG -DUSE_HAL_DRIVER -DSTM32F407xx -c -I../Core/Inc -I../Drivers/STM32F4xx_HAL_Driver/Inc -I../Drivers/STM32F4xx_HAL_Driver/Inc/Legacy -I../Drivers/CMSIS/Device/ST/STM32F4xx/Include -I../Drivers/CMSIS/Include -I../Drivers/BSP/Inc -I../User/Inc -O0 -ffunction-sections -fdata-sections -Wall -fstack-usage -MMD -MP -MF"Drivers/STM32F4xx_HAL_Driver/Src/stm32f4xx_hal_rcc.d" -MT"Drivers/STM32F4xx_HAL_Driver/Src/stm32f4xx_hal_rcc.o" --specs=nano.specs -mfpu=fpv4-sp-d16 -mfloat-abi=hard -mthumb -o "Drivers/STM32F4xx_HAL_Driver/Src/stm32f4xx_hal_rcc.o"
arm-none-eabi-gcc "../Drivers/STM32F4xx_HAL_Driver/Src/stm32f4xx_hal_rcc_ex.c" -mcpu=cortex-m4 -std=gnu11 -g3 -DDEBUG -DUSE_HAL_DRIVER -DSTM32F407xx -c -I../Core/Inc -I../Drivers/STM32F4xx_HAL_Driver/Inc -I../Drivers/STM32F4xx_HAL_Driver/Inc/Legacy -I../Drivers/CMSIS/Device/ST/STM32F4xx/Include -I../Drivers/CMSIS/Include -I../Drivers/BSP/Inc -I../User/Inc -O0 -ffunction-sections -fdata-sections -Wall -fstack-usage -MMD -MP -MF"Drivers/STM32F4xx_HAL_Driver/Src/stm32f4xx_hal_rcc_ex.d" -MT"Drivers/STM32F4xx_HAL_Driver/Src/stm32f4xx_hal_rcc_ex.o" --specs=nano.specs -mfpu=fpv4-sp-d16 -mfloat-abi=hard -mthumb -o "Drivers/STM32F4xx_HAL_Driver/Src/stm32f4xx_hal_rcc_ex.o"
arm-none-eabi-gcc "../Drivers/STM32F4xx_HAL_Driver/Src/stm32f4xx_hal_rng.c" -mcpu=cortex-m4 -std=gnu11 -g3 -DDEBUG -DUSE_HAL_DRIVER -DSTM32F407xx -c -I../Core/Inc -I../Drivers/STM32F4xx_HAL_Driver/Inc -I../Drivers/STM32F4xx_HAL_Driver/Inc/Legacy -I../Drivers/CMSIS/Device/ST/STM32F4xx/Include -I../Drivers/CMSIS/Include -I../Drivers/BSP/Inc -I../User/Inc -O0 -ffunction-sections -fdata-sections -Wall -fstack-usage -MMD -MP -MF"Drivers/STM32F4xx_HAL_Driver/Src/stm32f4xx_hal_rng.d" -MT"Drivers/STM32F4xx_HAL_Driver/Src/stm32f4xx_hal_rng.o" --specs=nano.specs -mfpu=fpv4-sp-d16 -mfloat-abi=hard -mthumb -o "Drivers/STM32F4xx_HAL_Driver/Src/stm32f4xx_hal_rng.o"
arm-none-eabi-gcc "../Drivers/STM32F4xx_HAL_Driver/Src/stm32f4xx_hal_sram.c" -mcpu=cortex-m4 -std=gnu11 -g3 -DDEBUG -DUSE_HAL_DRIVER -DSTM32F407xx -c -I../Core/Inc -I../Drivers/STM32F4xx_HAL_Driver/Inc -I../Drivers/STM32F4xx_HAL_Driver/Inc/Legacy -I../Drivers/CMSIS/Device/ST/STM32F4xx/Include -I../Drivers/CMSIS/Include -I../Drivers/BSP/Inc -I../User/Inc -O0 -ffunction-sections -fdata-sections -Wall -fstack-usage -MMD -MP -MF"Drivers/STM32F4xx_HAL_Driver/Src/stm32f4xx_hal_sram.d" -MT"Drivers/STM32F4xx_HAL_Driver/Src/stm32f4xx_hal_sram.o" --specs=nano.specs -mfpu=fpv4-sp-d16 -mfloat-abi=hard -mthumb -o "Drivers/STM32F4xx_HAL_Driver/Src/stm32f4xx_hal_sram.o"
arm-none-eabi-gcc "../Drivers/STM32F4xx_HAL_Driver/Src/stm32f4xx_hal_tim.c" -mcpu=cortex-m4 -std=gnu11 -g3 -DDEBUG -DUSE_HAL_DRIVER -DSTM32F407xx -c -I../Core/Inc -I../Drivers/STM32F4xx_HAL_Driver/Inc -I../Drivers/STM32F4xx_HAL_Driver/Inc/Legacy -I../Drivers/CMSIS/Device/ST/STM32F4xx/Include -I../Drivers/CMSIS/Include -I../Drivers/BSP/Inc -I../User/Inc -O0 -ffunction-sections -fdata-sections -Wall -fstack-usage -MMD -MP -MF"Drivers/STM32F4xx_HAL_Driver/Src/stm32f4xx_hal_tim.d" -MT"Drivers/STM32F4xx_HAL_Driver/Src/stm32f4xx_hal_tim.o" --specs=nano.specs -mfpu=fpv4-sp-d16 -mfloat-abi=hard -mthumb -o "Drivers/STM32F4xx_HAL_Driver/Src/stm32f4xx_hal_tim.o"
arm-none-eabi-gcc "../Drivers/STM32F4xx_HAL_Driver/Src/stm32f4xx_hal_tim_ex.c" -mcpu=cortex-m4 -std=gnu11 -g3 -DDEBUG -DUSE_HAL_DRIVER -DSTM32F407xx -c -I../Core/Inc -I../Drivers/STM32F4xx_HAL_Driver/Inc -I../Drivers/STM32F4xx_HAL_Driver/Inc/Legacy -I../Drivers/CMSIS/Device/ST/STM32F4xx/Include -I../Drivers/CMSIS/Include -I../Drivers/BSP/Inc -I../User/Inc -O0 -ffunction-sections -fdata-sections -Wall -fstack-usage -MMD -MP -MF"Drivers/STM32F4xx_HAL_Driver/Src/stm32f4xx_hal_tim_ex.d" -MT"Drivers/STM32F4xx_HAL_Driver/Src/stm32f4xx_hal_tim_ex.o" --specs=nano.specs -mfpu=fpv4-sp-d16 -mfloat-abi=hard -mthumb -o "Drivers/STM32F4xx_HAL_Driver/Src/stm32f4xx_hal_tim_ex.o"
arm-none-eabi-gcc "../Drivers/STM32F4xx_HAL_Driver/Src/stm32f4xx_ll_fsmc.c" -mcpu=cortex-m4 -std=gnu11 -g3 -DDEBUG -DUSE_HAL_DRIVER -DSTM32F407xx -c -I../Core/Inc -I../Drivers/STM32F4xx_HAL_Driver/Inc -I../Drivers/STM32F4xx_HAL_Driver/Inc/Legacy -I../Drivers/CMSIS/Device/ST/STM32F4xx/Include -I../Drivers/CMSIS/Include -I../Drivers/BSP/Inc -I../User/Inc -O0 -ffunction-sections -fdata-sections -Wall -fstack-usage -MMD -MP -MF"Drivers/STM32F4xx_HAL_Driver/Src/stm32f4xx_ll_fsmc.d" -MT"Drivers/STM32F4xx_HAL_Driver/Src/stm32f4xx_ll_fsmc.o" --specs=nano.specs -mfpu=fpv4-sp-d16 -mfloat-abi=hard -mthumb -o "Drivers/STM32F4xx_HAL_Driver/Src/stm32f4xx_ll_fsmc.o"
arm-none-eabi-gcc "../Drivers/BSP/Src/keyled.c" -mcpu=cortex-m4 -std=gnu11 -g3 -DDEBUG -DUSE_HAL_DRIVER -DSTM32F407xx -c -I../Core/Inc -I../Drivers/STM32F4xx_HAL_Driver/Inc -I../Drivers/STM32F4xx_HAL_Driver/Inc/Legacy -I../Drivers/CMSIS/Device/ST/STM32F4xx/Include -I../Drivers/CMSIS/Include -I../Drivers/BSP/Inc -I../User/Inc -O0 -ffunction-sections -fdata-sections -Wall -fstack-usage -MMD -MP -MF"Drivers/BSP/Src/keyled.d" -MT"Drivers/BSP/Src/keyled.o" --specs=nano.specs -mfpu=fpv4-sp-d16 -mfloat-abi=hard -mthumb -o "Drivers/BSP/Src/keyled.o"
arm-none-eabi-gcc "../Drivers/BSP/Src/lcd.c" -mcpu=cortex-m4 -std=gnu11 -g3 -DDEBUG -DUSE_HAL_DRIVER -DSTM32F407xx -c -I../Core/Inc -I../Drivers/STM32F4xx_HAL_Driver/Inc -I../Drivers/STM32F4xx_HAL_Driver/Inc/Legacy -I../Drivers/CMSIS/Device/ST/STM32F4xx/Include -I../Drivers/CMSIS/Include -I../Drivers/BSP/Inc -I../User/Inc -O0 -ffunction-sections -fdata-sections -Wall -fstack-usage -MMD -MP -MF"Drivers/BSP/Src/lcd.d" -MT"Drivers/BSP/Src/lcd.o" --specs=nano.specs -mfpu=fpv4-sp-d16 -mfloat-abi=hard -mthumb -o "Drivers/BSP/Src/lcd.o"
arm-none-eabi-gcc -mcpu=cortex-m4 -g3 -DDEBUG -c -x assembler-with-cpp -MMD -MP -MF"Core/Startup/startup_stm32f407zgtx.d" -MT"Core/Startup/startup_stm32f407zgtx.o" --specs=nano.specs -mfpu=fpv4-sp-d16 -mfloat-abi=hard -mthumb -o "Core/Startup/startup_stm32f407zgtx.o" "../Core/Startup/startup_stm32f407zgtx.s"
arm-none-eabi-gcc "../Core/Src/can.c" -mcpu=cortex-m4 -std=gnu11 -g3 -DDEBUG -DUSE_HAL_DRIVER -DSTM32F407xx -c -I../Core/Inc -I../Drivers/STM32F4xx_HAL_Driver/Inc -I../Drivers/STM32F4xx_HAL_Driver/Inc/Legacy -I../Drivers/CMSIS/Device/ST/STM32F4xx/Include -I../Drivers/CMSIS/Include -I../Drivers/BSP/Inc -I../User/Inc -O0 -ffunction-sections -fdata-sections -Wall -fstack-usage -MMD -MP -MF"Core/Src/can.d" -MT"Core/Src/can.o" --specs=nano.specs -mfpu=fpv4-sp-d16 -mfloat-abi=hard -mthumb -o "Core/Src/can.o"
arm-none-eabi-gcc "../Core/Src/fsmc.c" -mcpu=cortex-m4 -std=gnu11 -g3 -DDEBUG -DUSE_HAL_DRIVER -DSTM32F407xx -c -I../Core/Inc -I../Drivers/STM32F4xx_HAL_Driver/Inc -I../Drivers/STM32F4xx_HAL_Driver/Inc/Legacy -I../Drivers/CMSIS/Device/ST/STM32F4xx/Include -I../Drivers/CMSIS/Include -I../Drivers/BSP/Inc -I../User/Inc -O0 -ffunction-sections -fdata-sections -Wall -fstack-usage -MMD -MP -MF"Core/Src/fsmc.d" -MT"Core/Src/fsmc.o" --specs=nano.specs -mfpu=fpv4-sp-d16 -mfloat-abi=hard -mthumb -o "Core/Src/fsmc.o"
../Drivers/BSP/Src/lcd.c: In function 'lcd_init':
../Drivers/BSP/Src/lcd.c:662:9: warning: implicit declaration of function 'lcd_ex_st7789_reginit' [-Wimplicit-function-declaration]
  662 |         lcd_ex_st7789_reginit();        /* æ‰§è¡ŒST7789åˆå§‹åŒ? */
      |         ^~~~~~~~~~~~~~~~~~~~~
../Drivers/BSP/Src/lcd.c:666:9: warning: implicit declaration of function 'lcd_ex_ili9341_reginit' [-Wimplicit-function-declaration]
  666 |         lcd_ex_ili9341_reginit();       /* æ‰§è¡ŒILI9341åˆå§‹åŒ? */
      |         ^~~~~~~~~~~~~~~~~~~~~~
../Drivers/BSP/Src/lcd.c:670:9: warning: implicit declaration of function 'lcd_ex_nt35310_reginit' [-Wimplicit-function-declaration]
  670 |         lcd_ex_nt35310_reginit();       /* æ‰§è¡ŒNT35310åˆå§‹åŒ? */
      |         ^~~~~~~~~~~~~~~~~~~~~~
arm-none-eabi-gcc "../Core/Src/gpio.c" -mcpu=cortex-m4 -std=gnu11 -g3 -DDEBUG -DUSE_HAL_DRIVER -DSTM32F407xx -c -I../Core/Inc -I../Drivers/STM32F4xx_HAL_Driver/Inc -I../Drivers/STM32F4xx_HAL_Driver/Inc/Legacy -I../Drivers/CMSIS/Device/ST/STM32F4xx/Include -I../Drivers/CMSIS/Include -I../Drivers/BSP/Inc -I../User/Inc -O0 -ffunction-sections -fdata-sections -Wall -fstack-usage -MMD -MP -MF"Core/Src/gpio.d" -MT"Core/Src/gpio.o" --specs=nano.specs -mfpu=fpv4-sp-d16 -mfloat-abi=hard -mthumb -o "Core/Src/gpio.o"
arm-none-eabi-gcc "../Core/Src/main.c" -mcpu=cortex-m4 -std=gnu11 -g3 -DDEBUG -DUSE_HAL_DRIVER -DSTM32F407xx -c -I../Core/Inc -I../Drivers/STM32F4xx_HAL_Driver/Inc -I../Drivers/STM32F4xx_HAL_Driver/Inc/Legacy -I../Drivers/CMSIS/Device/ST/STM32F4xx/Include -I../Drivers/CMSIS/Include -I../Drivers/BSP/Inc -I../User/Inc -O0 -ffunction-sections -fdata-sections -Wall -fstack-usage -MMD -MP -MF"Core/Src/main.d" -MT"Core/Src/main.o" --specs=nano.specs -mfpu=fpv4-sp-d16 -mfloat-abi=hard -mthumb -o "Core/Src/main.o"
../Drivers/BSP/Src/lcd.c:674:9: warning: implicit declaration of function 'lcd_ex_nt35510_reginit' [-Wimplicit-function-declaration]
  674 |         lcd_ex_nt35510_reginit();       /* æ‰§è¡ŒNT35510åˆå§‹åŒ? */
      |         ^~~~~~~~~~~~~~~~~~~~~~
arm-none-eabi-gcc "../Core/Src/rng.c" -mcpu=cortex-m4 -std=gnu11 -g3 -DDEBUG -DUSE_HAL_DRIVER -DSTM32F407xx -c -I../Core/Inc -I../Drivers/STM32F4xx_HAL_Driver/Inc -I../Drivers/STM32F4xx_HAL_Driver/Inc/Legacy -I../Drivers/CMSIS/Device/ST/STM32F4xx/Include -I../Drivers/CMSIS/Include -I../Drivers/BSP/Inc -I../User/Inc -O0 -ffunction-sections -fdata-sections -Wall -fstack-usage -MMD -MP -MF"Core/Src/rng.d" -MT"Core/Src/rng.o" --specs=nano.specs -mfpu=fpv4-sp-d16 -mfloat-abi=hard -mthumb -o "Core/Src/rng.o"
../Drivers/BSP/Src/lcd.c:678:9: warning: implicit declaration of function 'lcd_ex_ssd1963_reginit' [-Wimplicit-function-declaration]
  678 |         lcd_ex_ssd1963_reginit();       /* æ‰§è¡ŒSSD1963åˆå§‹åŒ? */
      |         ^~~~~~~~~~~~~~~~~~~~~~
../Drivers/BSP/Src/lcd.c: At top level:
../Drivers/BSP/Src/lcd.c:1234:6: warning: conflicting types for 'lcd_ex_st7789_reginit'
 1234 | void lcd_ex_st7789_reginit(void)
      |      ^~~~~~~~~~~~~~~~~~~~~
../Drivers/BSP/Src/lcd.c:662:9: note: previous implicit declaration of 'lcd_ex_st7789_reginit' was here
  662 |         lcd_ex_st7789_reginit();        /* æ‰§è¡ŒST7789åˆå§‹åŒ? */
      |         ^~~~~~~~~~~~~~~~~~~~~
../Drivers/BSP/Src/lcd.c:1332:6: warning: conflicting types for 'lcd_ex_ili9341_reginit'
 1332 | void lcd_ex_ili9341_reginit(void)
      |      ^~~~~~~~~~~~~~~~~~~~~~
../Drivers/BSP/Src/lcd.c:666:9: note: previous implicit declaration of 'lcd_ex_ili9341_reginit' was here
  666 |         lcd_ex_ili9341_reginit();       /* æ‰§è¡ŒILI9341åˆå§‹åŒ? */
      |         ^~~~~~~~~~~~~~~~~~~~~~
../Drivers/BSP/Src/lcd.c:1434:6: warning: conflicting types for 'lcd_ex_nt35310_reginit'
 1434 | void lcd_ex_nt35310_reginit(void)
      |      ^~~~~~~~~~~~~~~~~~~~~~
../Drivers/BSP/Src/lcd.c:670:9: note: previous implicit declaration of 'lcd_ex_nt35310_reginit' was here
  670 |         lcd_ex_nt35310_reginit();       /* æ‰§è¡ŒNT35310åˆå§‹åŒ? */
      |         ^~~~~~~~~~~~~~~~~~~~~~
../Drivers/BSP/Src/lcd.c:2120:6: warning: conflicting types for 'lcd_ex_nt35510_reginit'
 2120 | void lcd_ex_nt35510_reginit(void)
      |      ^~~~~~~~~~~~~~~~~~~~~~
../Drivers/BSP/Src/lcd.c:674:9: note: previous implicit declaration of 'lcd_ex_nt35510_reginit' was here
  674 |         lcd_ex_nt35510_reginit();       /* æ‰§è¡ŒNT35510åˆå§‹åŒ? */
      |         ^~~~~~~~~~~~~~~~~~~~~~
../Drivers/BSP/Src/lcd.c:2539:6: warning: conflicting types for 'lcd_ex_ssd1963_reginit'
 2539 | void lcd_ex_ssd1963_reginit(void)
      |      ^~~~~~~~~~~~~~~~~~~~~~
../Drivers/BSP/Src/lcd.c:678:9: note: previous implicit declaration of 'lcd_ex_ssd1963_reginit' was here
  678 |         lcd_ex_ssd1963_reginit();       /* æ‰§è¡ŒSSD1963åˆå§‹åŒ? */
      |         ^~~~~~~~~~~~~~~~~~~~~~
arm-none-eabi-gcc "../Core/Src/stm32f4xx_hal_msp.c" -mcpu=cortex-m4 -std=gnu11 -g3 -DDEBUG -DUSE_HAL_DRIVER -DSTM32F407xx -c -I../Core/Inc -I../Drivers/STM32F4xx_HAL_Driver/Inc -I../Drivers/STM32F4xx_HAL_Driver/Inc/Legacy -I../Drivers/CMSIS/Device/ST/STM32F4xx/Include -I../Drivers/CMSIS/Include -I../Drivers/BSP/Inc -I../User/Inc -O0 -ffunction-sections -fdata-sections -Wall -fstack-usage -MMD -MP -MF"Core/Src/stm32f4xx_hal_msp.d" -MT"Core/Src/stm32f4xx_hal_msp.o" --specs=nano.specs -mfpu=fpv4-sp-d16 -mfloat-abi=hard -mthumb -o "Core/Src/stm32f4xx_hal_msp.o"
arm-none-eabi-gcc "../Core/Src/stm32f4xx_it.c" -mcpu=cortex-m4 -std=gnu11 -g3 -DDEBUG -DUSE_HAL_DRIVER -DSTM32F407xx -c -I../Core/Inc -I../Drivers/STM32F4xx_HAL_Driver/Inc -I../Drivers/STM32F4xx_HAL_Driver/Inc/Legacy -I../Drivers/CMSIS/Device/ST/STM32F4xx/Include -I../Drivers/CMSIS/Include -I../Drivers/BSP/Inc -I../User/Inc -O0 -ffunction-sections -fdata-sections -Wall -fstack-usage -MMD -MP -MF"Core/Src/stm32f4xx_it.d" -MT"Core/Src/stm32f4xx_it.o" --specs=nano.specs -mfpu=fpv4-sp-d16 -mfloat-abi=hard -mthumb -o "Core/Src/stm32f4xx_it.o"
arm-none-eabi-gcc "../Core/Src/syscalls.c" -mcpu=cortex-m4 -std=gnu11 -g3 -DDEBUG -DUSE_HAL_DRIVER -DSTM32F407xx -c -I../Core/Inc -I../Drivers/STM32F4xx_HAL_Driver/Inc -I../Drivers/STM32F4xx_HAL_Driver/Inc/Legacy -I../Drivers/CMSIS/Device/ST/STM32F4xx/Include -I../Drivers/CMSIS/Include -I../Drivers/BSP/Inc -I../User/Inc -O0 -ffunction-sections -fdata-sections -Wall -fstack-usage -MMD -MP -MF"Core/Src/syscalls.d" -MT"Core/Src/syscalls.o" --specs=nano.specs -mfpu=fpv4-sp-d16 -mfloat-abi=hard -mthumb -o "Core/Src/syscalls.o"
arm-none-eabi-gcc "../Core/Src/sysmem.c" -mcpu=cortex-m4 -std=gnu11 -g3 -DDEBUG -DUSE_HAL_DRIVER -DSTM32F407xx -c -I../Core/Inc -I../Drivers/STM32F4xx_HAL_Driver/Inc -I../Drivers/STM32F4xx_HAL_Driver/Inc/Legacy -I../Drivers/CMSIS/Device/ST/STM32F4xx/Include -I../Drivers/CMSIS/Include -I../Drivers/BSP/Inc -I../User/Inc -O0 -ffunction-sections -fdata-sections -Wall -fstack-usage -MMD -MP -MF"Core/Src/sysmem.d" -MT"Core/Src/sysmem.o" --specs=nano.specs -mfpu=fpv4-sp-d16 -mfloat-abi=hard -mthumb -o "Core/Src/sysmem.o"
arm-none-eabi-gcc "../Core/Src/system_stm32f4xx.c" -mcpu=cortex-m4 -std=gnu11 -g3 -DDEBUG -DUSE_HAL_DRIVER -DSTM32F407xx -c -I../Core/Inc -I../Drivers/STM32F4xx_HAL_Driver/Inc -I../Drivers/STM32F4xx_HAL_Driver/Inc/Legacy -I../Drivers/CMSIS/Device/ST/STM32F4xx/Include -I../Drivers/CMSIS/Include -I../Drivers/BSP/Inc -I../User/Inc -O0 -ffunction-sections -fdata-sections -Wall -fstack-usage -MMD -MP -MF"Core/Src/system_stm32f4xx.d" -MT"Core/Src/system_stm32f4xx.o" --specs=nano.specs -mfpu=fpv4-sp-d16 -mfloat-abi=hard -mthumb -o "Core/Src/system_stm32f4xx.o"
arm-none-eabi-gcc -o "Demo18_1Poll.elf" @"objects.list"   -mcpu=cortex-m4 -T"E:\__CubeMX__\Demo18_2Interrupt\Demo18_2Interrupt\STM32F407ZGTX_FLASH.ld" --specs=nosys.specs -Wl,-Map="Demo18_1Poll.map" -Wl,--gc-sections -static --specs=nano.specs -mfpu=fpv4-sp-d16 -mfloat-abi=hard -mthumb -Wl,--start-group -lc -lm -Wl,--end-group
Finished building target: Demo18_1Poll.elf
 
arm-none-eabi-size   Demo18_1Poll.elf 
arm-none-eabi-objdump -h -S  Demo18_1Poll.elf  > "Demo18_1Poll.list"
   text	   data	    bss	    dec	    hex	filename
  41632	    124	   1828	  43584	   aa40	Demo18_1Poll.elf
Finished building: default.size.stdout
 
Finished building: Demo18_1Poll.list
 

21:28:27 Build Finished. 0 errors, 28 warnings. (took 2s.701ms)

